
Public::EventMembersController
  #new
    èªè¨¼æ¸ˆã¿ã®ãƒ¦ãƒ¼ã‚¶ãƒ¼ã¨ã—ã¦
[31m      æ­£å¸¸ãªãƒ¬ã‚¹ãƒãƒ³ã‚¹ã‹ (FAILED - 1)[0m
[31m      200ãƒ¬ã‚¹ãƒãƒ³ã‚¹ãŒè¿”ã£ã¦ãã¦ã„ã‚‹ã‹ (FAILED - 2)[0m
    æœªç™»éŒ²ãƒ¦ãƒ¼ã‚¶ã¨ã—ã¦
[31m      302ãƒ¬ã‚¹ãƒãƒ³ã‚¹ã‚’è¿”ã™ã‹ (FAILED - 3)[0m
[31m      ã‚µã‚¤ãƒ³ã‚¤ãƒ³ç”»é¢ã«ãƒªãƒ€ã‚¤ãƒ¬ã‚¯ãƒˆã™ã‚‹ã‹ (FAILED - 4)[0m
  #show
    èªè¨¼æ¸ˆã¿ã®ãƒ¦ãƒ¼ã‚¶ãƒ¼ã¨ã—ã¦
[31m      æ­£å¸¸ãªãƒ¬ã‚¹ãƒãƒ³ã‚¹ã‹ (FAILED - 5)[0m
[31m      200ãƒ¬ã‚¹ãƒãƒ³ã‚¹ãŒè¿”ã£ã¦ãã¦ã„ã‚‹ã‹ (FAILED - 6)[0m
    æœªç™»éŒ²ãƒ¦ãƒ¼ã‚¶ã¨ã—ã¦
[31m      302ãƒ¬ã‚¹ãƒãƒ³ã‚¹ã‚’è¿”ã™ã‹ (FAILED - 7)[0m
[31m      ã‚µã‚¤ãƒ³ã‚¤ãƒ³ç”»é¢ã«ãƒªãƒ€ã‚¤ãƒ¬ã‚¯ãƒˆã™ã‚‹ã‹ (FAILED - 8)[0m
  #complete
    èªè¨¼æ¸ˆã¿ã®ãƒ¦ãƒ¼ã‚¶ãƒ¼ã¨ã—ã¦
[31m      æ­£å¸¸ãªãƒ¬ã‚¹ãƒãƒ³ã‚¹ã‹ (FAILED - 9)[0m
[31m      200ãƒ¬ã‚¹ãƒãƒ³ã‚¹ãŒè¿”ã£ã¦ãã¦ã„ã‚‹ã‹ (FAILED - 10)[0m
    æœªç™»éŒ²ãƒ¦ãƒ¼ã‚¶ã¨ã—ã¦
[31m      302ãƒ¬ã‚¹ãƒãƒ³ã‚¹ã‚’è¿”ã™ã‹ (FAILED - 11)[0m
[31m      ã‚µã‚¤ãƒ³ã‚¤ãƒ³ç”»é¢ã«ãƒªãƒ€ã‚¤ãƒ¬ã‚¯ãƒˆã™ã‚‹ã‹ (FAILED - 12)[0m
  #create
    èªè¨¼æ¸ˆã¿ã®ãƒ¦ãƒ¼ã‚¶ãƒ¼ã¨ã—ã¦
[31m      ã‚¤ãƒ™ãƒ³ãƒˆä½œæˆã§ãã‚‹ã‹ (FAILED - 13)[0m
[31m      æŠ•ç¨¿å¾Œã«ãƒã‚¤ãƒšãƒ¼ã‚¸ã«ãƒªãƒ€ã‚¤ãƒ¬ã‚¯ãƒˆã•ã‚Œã¦ã„ã‚‹ã‹ (FAILED - 14)[0m
    æœªç™»éŒ²ãƒ¦ãƒ¼ã‚¶ã¨ã—ã¦
[31m      302ãƒ¬ã‚¹ãƒãƒ³ã‚¹ã‚’è¿”ã™ã‹ (FAILED - 15)[0m
[31m      ã‚µã‚¤ãƒ³ã‚¤ãƒ³ç”»é¢ã«ãƒªãƒ€ã‚¤ãƒ¬ã‚¯ãƒˆã™ã‚‹ã‹ (FAILED - 16)[0m
  #edit
    èªè¨¼æ¸ˆã¿ã®ãƒ¦ãƒ¼ã‚¶ãƒ¼ã¨ã—ã¦
[31m      æ­£å¸¸ãªãƒ¬ã‚¹ãƒãƒ³ã‚¹ã‹ (FAILED - 17)[0m
[31m      200ãƒ¬ã‚¹ãƒãƒ³ã‚¹ãŒè¿”ã£ã¦ãã¦ã„ã‚‹ã‹ (FAILED - 18)[0m
    æœªç™»éŒ²ãƒ¦ãƒ¼ã‚¶ã¨ã—ã¦
[31m      302ãƒ¬ã‚¹ãƒãƒ³ã‚¹ã‚’è¿”ã™ã‹ (FAILED - 19)[0m
[31m      ã‚µã‚¤ãƒ³ã‚¤ãƒ³ç”»é¢ã«ãƒªãƒ€ã‚¤ãƒ¬ã‚¯ãƒˆã™ã‚‹ã‹ (FAILED - 20)[0m
  #update
    èªè¨¼æ¸ˆã¿ã®ãƒ¦ãƒ¼ã‚¶ãƒ¼ã¨ã—ã¦
[31m      æ­£å¸¸ã«æ›´æ–°ã§ãã‚‹ã‹ (FAILED - 21)[0m
[31m      æ›´æ–°å¾Œã«ãƒã‚¤ã‚¤ãƒ™ãƒ³ãƒˆã«ãƒªãƒ€ã‚¤ãƒ¬ã‚¯ãƒˆã•ã‚Œã¦ã„ã‚‹ã‹ (FAILED - 22)[0m
[31m      ãƒ•ã‚©ãƒ¼ãƒ ãŒç©ºç™½ã®æ™‚ã«æ›´æ–°ã§ããªããªã£ã¦ã„ã‚‹ã‹ (FAILED - 23)[0m
[31m      ãƒ•ã‚©ãƒ¼ãƒ ãŒç©ºç™½ã®æ™‚ã«æ›´æ–°ã§ããšã€å†åº¦ç·¨é›†ãƒšãƒ¼ã‚¸ã«ãƒªãƒ€ã‚¤ãƒ¬ã‚¯ãƒˆã•ã‚Œã‚‹ã‹ (FAILED - 24)[0m
    æœªç™»éŒ²ãƒ¦ãƒ¼ã‚¶ã¨ã—ã¦
[31m      302ãƒ¬ã‚¹ãƒãƒ³ã‚¹ã‚’è¿”ã™ã‹ (FAILED - 25)[0m
[31m      ã‚µã‚¤ãƒ³ã‚¤ãƒ³ç”»é¢ã«ãƒªãƒ€ã‚¤ãƒ¬ã‚¯ãƒˆã™ã‚‹ã‹ (FAILED - 26)[0m
  #destroy
    èªè¨¼æ¸ˆã¿ã®ãƒ¦ãƒ¼ã‚¶ãƒ¼ã¨ã—ã¦
[31m      æ­£å¸¸ã«æŠ•ç¨¿ã‚’å‰Šé™¤ã§ãã‚‹ã‹ (FAILED - 27)[0m
[31m      å‰Šé™¤å¾Œã«ç¾åœ¨ã®ãƒšãƒ¼ã‚¸ã«ãƒªãƒ€ã‚¤ãƒ¬ã‚¯ãƒˆã•ã‚Œã¦ã„ã‚‹ã‹ (FAILED - 28)[0m
    æœªç™»éŒ²ãƒ¦ãƒ¼ã‚¶ã¨ã—ã¦
[31m      302ãƒ¬ã‚¹ãƒãƒ³ã‚¹ã‚’è¿”ã™ã‹ (FAILED - 29)[0m
[31m      ã‚µã‚¤ãƒ³ã‚¤ãƒ³ç”»é¢ã«ãƒªãƒ€ã‚¤ãƒ¬ã‚¯ãƒˆã™ã‚‹ã‹ (FAILED - 30)[0m
  #myevent
    èªè¨¼æ¸ˆã¿ã®ãƒ¦ãƒ¼ã‚¶ãƒ¼ã¨ã—ã¦
[31m      æ­£å¸¸ãªãƒ¬ã‚¹ãƒãƒ³ã‚¹ã‹ (FAILED - 31)[0m
[31m      200ãƒ¬ã‚¹ãƒãƒ³ã‚¹ãŒè¿”ã£ã¦ãã¦ã„ã‚‹ã‹ (FAILED - 32)[0m
    æœªç™»éŒ²ãƒ¦ãƒ¼ã‚¶ã¨ã—ã¦
[31m      302ãƒ¬ã‚¹ãƒãƒ³ã‚¹ã‚’è¿”ã™ã‹ (FAILED - 33)[0m
[31m      ã‚µã‚¤ãƒ³ã‚¤ãƒ³ç”»é¢ã«ãƒªãƒ€ã‚¤ãƒ¬ã‚¯ãƒˆã™ã‚‹ã‹ (FAILED - 34)[0m

Public::EventsController
  #index
    èªè¨¼æ¸ˆã¿ã®ãƒ¦ãƒ¼ã‚¶ãƒ¼ã¨ã—ã¦
[32m      æ­£å¸¸ãªãƒ¬ã‚¹ãƒãƒ³ã‚¹ã‹[0m
[32m      200ãƒ¬ã‚¹ãƒãƒ³ã‚¹ãŒè¿”ã£ã¦ãã¦ã„ã‚‹ã‹[0m
    æœªç™»éŒ²ãƒ¦ãƒ¼ã‚¶ã¨ã—ã¦
[32m      302ãƒ¬ã‚¹ãƒãƒ³ã‚¹ã‚’è¿”ã™ã‹[0m
[32m      ã‚µã‚¤ãƒ³ã‚¤ãƒ³ç”»é¢ã«ãƒªãƒ€ã‚¤ãƒ¬ã‚¯ãƒˆã™ã‚‹ã‹[0m
  #new
    èªè¨¼æ¸ˆã¿ã®ãƒ¦ãƒ¼ã‚¶ãƒ¼ã¨ã—ã¦
[32m      æ­£å¸¸ãªãƒ¬ã‚¹ãƒãƒ³ã‚¹ã‹[0m
[32m      200ãƒ¬ã‚¹ãƒãƒ³ã‚¹ãŒè¿”ã£ã¦ãã¦ã„ã‚‹ã‹[0m
    æœªç™»éŒ²ãƒ¦ãƒ¼ã‚¶ã¨ã—ã¦
[32m      302ãƒ¬ã‚¹ãƒãƒ³ã‚¹ã‚’è¿”ã™ã‹[0m
[32m      ã‚µã‚¤ãƒ³ã‚¤ãƒ³ç”»é¢ã«ãƒªãƒ€ã‚¤ãƒ¬ã‚¯ãƒˆã™ã‚‹ã‹[0m
  #create
    èªè¨¼æ¸ˆã¿ã®ãƒ¦ãƒ¼ã‚¶ãƒ¼ã¨ã—ã¦
[32m      ã‚¤ãƒ™ãƒ³ãƒˆä½œæˆã§ãã‚‹ã‹[0m
[32m      æŠ•ç¨¿å¾Œã«ãƒã‚¤ãƒšãƒ¼ã‚¸ã«ãƒªãƒ€ã‚¤ãƒ¬ã‚¯ãƒˆã•ã‚Œã¦ã„ã‚‹ã‹[0m
    æœªç™»éŒ²ãƒ¦ãƒ¼ã‚¶ã¨ã—ã¦
[32m      302ãƒ¬ã‚¹ãƒãƒ³ã‚¹ã‚’è¿”ã™ã‹[0m
[32m      ã‚µã‚¤ãƒ³ã‚¤ãƒ³ç”»é¢ã«ãƒªãƒ€ã‚¤ãƒ¬ã‚¯ãƒˆã™ã‚‹ã‹[0m
  #edit
    èªè¨¼æ¸ˆã¿ã®ãƒ¦ãƒ¼ã‚¶ãƒ¼ã¨ã—ã¦
[32m      æ­£å¸¸ãªãƒ¬ã‚¹ãƒãƒ³ã‚¹ã‹[0m
[32m      200ãƒ¬ã‚¹ãƒãƒ³ã‚¹ãŒè¿”ã£ã¦ãã¦ã„ã‚‹ã‹[0m
    æœªç™»éŒ²ãƒ¦ãƒ¼ã‚¶ã¨ã—ã¦
[32m      302ãƒ¬ã‚¹ãƒãƒ³ã‚¹ã‚’è¿”ã™ã‹[0m
[32m      ã‚µã‚¤ãƒ³ã‚¤ãƒ³ç”»é¢ã«ãƒªãƒ€ã‚¤ãƒ¬ã‚¯ãƒˆã™ã‚‹ã‹[0m
  #update
    èªè¨¼æ¸ˆã¿ã®ãƒ¦ãƒ¼ã‚¶ãƒ¼ã¨ã—ã¦
[32m      æ­£å¸¸ã«æ›´æ–°ã§ãã‚‹ã‹[0m
[32m      æ›´æ–°å¾Œã«ãƒã‚¤ã‚¤ãƒ™ãƒ³ãƒˆã«ãƒªãƒ€ã‚¤ãƒ¬ã‚¯ãƒˆã•ã‚Œã¦ã„ã‚‹ã‹[0m
[32m      ãƒ•ã‚©ãƒ¼ãƒ ãŒç©ºç™½ã®æ™‚ã«æ›´æ–°ã§ããªããªã£ã¦ã„ã‚‹ã‹[0m
[32m      ãƒ•ã‚©ãƒ¼ãƒ ãŒç©ºç™½ã®æ™‚ã«æ›´æ–°ã§ããšã€å†åº¦ç·¨é›†ãƒšãƒ¼ã‚¸ã«ãƒªãƒ€ã‚¤ãƒ¬ã‚¯ãƒˆã•ã‚Œã‚‹ã‹[0m
    æœªç™»éŒ²ãƒ¦ãƒ¼ã‚¶ã¨ã—ã¦
[32m      302ãƒ¬ã‚¹ãƒãƒ³ã‚¹ã‚’è¿”ã™ã‹[0m
[32m      ã‚µã‚¤ãƒ³ã‚¤ãƒ³ç”»é¢ã«ãƒªãƒ€ã‚¤ãƒ¬ã‚¯ãƒˆã™ã‚‹ã‹[0m
  #destroy
    èªè¨¼æ¸ˆã¿ã®ãƒ¦ãƒ¼ã‚¶ãƒ¼ã¨ã—ã¦
[32m      æ­£å¸¸ã«æŠ•ç¨¿ã‚’å‰Šé™¤ã§ãã‚‹ã‹[0m
[32m      å‰Šé™¤å¾Œã«ç¾åœ¨ã®ãƒšãƒ¼ã‚¸ã«ãƒªãƒ€ã‚¤ãƒ¬ã‚¯ãƒˆã•ã‚Œã¦ã„ã‚‹ã‹[0m
    æœªç™»éŒ²ãƒ¦ãƒ¼ã‚¶ã¨ã—ã¦
[32m      302ãƒ¬ã‚¹ãƒãƒ³ã‚¹ã‚’è¿”ã™ã‹[0m
[32m      ã‚µã‚¤ãƒ³ã‚¤ãƒ³ç”»é¢ã«ãƒªãƒ€ã‚¤ãƒ¬ã‚¯ãƒˆã™ã‚‹ã‹[0m
  #myevent
    èªè¨¼æ¸ˆã¿ã®ãƒ¦ãƒ¼ã‚¶ãƒ¼ã¨ã—ã¦
[32m      æ­£å¸¸ãªãƒ¬ã‚¹ãƒãƒ³ã‚¹ã‹[0m
[32m      200ãƒ¬ã‚¹ãƒãƒ³ã‚¹ãŒè¿”ã£ã¦ãã¦ã„ã‚‹ã‹[0m
    æœªç™»éŒ²ãƒ¦ãƒ¼ã‚¶ã¨ã—ã¦
[32m      302ãƒ¬ã‚¹ãƒãƒ³ã‚¹ã‚’è¿”ã™ã‹[0m
[32m      ã‚µã‚¤ãƒ³ã‚¤ãƒ³ç”»é¢ã«ãƒªãƒ€ã‚¤ãƒ¬ã‚¯ãƒˆã™ã‚‹ã‹[0m

Public::HomesController
  #top
[32m    æ­£å¸¸ã«ãƒ¬ã‚¹ãƒãƒ³ã‚¹ã‚’è¿”ã™ã“ã¨[0m

Public::MembersController
  #show
    èªè¨¼æ¸ˆã¿ã®ãƒ¦ãƒ¼ã‚¶ãƒ¼ã¨ã—ã¦
[32m      æ­£å¸¸ãªãƒ¬ã‚¹ãƒãƒ³ã‚¹ã‹[0m
[32m      200ãƒ¬ã‚¹ãƒãƒ³ã‚¹ãŒè¿”ã£ã¦ãã¦ã„ã‚‹ã‹[0m
    æœªç™»éŒ²ãƒ¦ãƒ¼ã‚¶ã¨ã—ã¦
[32m      302ãƒ¬ã‚¹ãƒãƒ³ã‚¹ã‚’è¿”ã™ã‹[0m
[32m      ã‚µã‚¤ãƒ³ã‚¤ãƒ³ç”»é¢ã«ãƒªãƒ€ã‚¤ãƒ¬ã‚¯ãƒˆã™ã‚‹ã‹[0m
  #edit
    èªè¨¼æ¸ˆã¿ã®ãƒ¦ãƒ¼ã‚¶ãƒ¼ã¨ã—ã¦
[32m      æ­£å¸¸ãªãƒ¬ã‚¹ãƒãƒ³ã‚¹ã‹[0m
[32m      200ãƒ¬ã‚¹ãƒãƒ³ã‚¹ãŒè¿”ã£ã¦ãã¦ã„ã‚‹ã‹[0m
    æœªç™»éŒ²ãƒ¦ãƒ¼ã‚¶ã¨ã—ã¦
[32m      302ãƒ¬ã‚¹ãƒãƒ³ã‚¹ã‚’è¿”ã™ã‹[0m
[32m      ã‚µã‚¤ãƒ³ã‚¤ãƒ³ç”»é¢ã«ãƒªãƒ€ã‚¤ãƒ¬ã‚¯ãƒˆã™ã‚‹ã‹[0m
  #update
    èªè¨¼æ¸ˆã¿ã®ãƒ¦ãƒ¼ã‚¶ãƒ¼ã¨ã—ã¦
[32m      æ­£å¸¸ã«æ›´æ–°ã§ãã‚‹ã‹[0m
[32m      æ›´æ–°å¾Œã«ãƒã‚¤ãƒšãƒ¼ã‚¸ã«ãƒªãƒ€ã‚¤ãƒ¬ã‚¯ãƒˆã•ã‚Œã¦ã„ã‚‹ã‹[0m
[32m      ãƒ•ã‚©ãƒ¼ãƒ ãŒç©ºç™½ã®æ™‚ã«æ›´æ–°ã§ããªããªã£ã¦ã„ã‚‹ã‹[0m
[32m      ãƒ•ã‚©ãƒ¼ãƒ ãŒç©ºç™½ã®æ™‚ã«æ›´æ–°ã§ããšã€å†åº¦ç·¨é›†ãƒšãƒ¼ã‚¸ã«ãƒªãƒ€ã‚¤ãƒ¬ã‚¯ãƒˆã•ã‚Œã‚‹ã‹[0m
    æœªç™»éŒ²ãƒ¦ãƒ¼ã‚¶ã¨ã—ã¦
[32m      302ãƒ¬ã‚¹ãƒãƒ³ã‚¹ã‚’è¿”ã™ã‹[0m
[32m      ã‚µã‚¤ãƒ³ã‚¤ãƒ³ç”»é¢ã«ãƒªãƒ€ã‚¤ãƒ¬ã‚¯ãƒˆã™ã‚‹ã‹[0m
  #withdraw
    èªè¨¼æ¸ˆã¿ã®ãƒ¦ãƒ¼ã‚¶ãƒ¼ã¨ã—ã¦
[32m      æ­£å¸¸ãªãƒ¬ã‚¹ãƒãƒ³ã‚¹ã‹[0m
[32m      200ãƒ¬ã‚¹ãƒãƒ³ã‚¹ãŒè¿”ã£ã¦ãã¦ã„ã‚‹ã‹[0m
    æœªç™»éŒ²ãƒ¦ãƒ¼ã‚¶ã¨ã—ã¦
[32m      302ãƒ¬ã‚¹ãƒãƒ³ã‚¹ã‚’è¿”ã™ã‹[0m
[32m      ã‚µã‚¤ãƒ³ã‚¤ãƒ³ç”»é¢ã«ãƒªãƒ€ã‚¤ãƒ¬ã‚¯ãƒˆã™ã‚‹ã‹[0m
  #unsubscribe
    èªè¨¼æ¸ˆã¿ã®ãƒ¦ãƒ¼ã‚¶ãƒ¼ã¨ã—ã¦
[32m      æ­£å¸¸ã«æ›´æ–°ã§ãã‚‹ã‹[0m
[32m      æ›´æ–°å¾Œã«ãƒã‚¤ãƒšãƒ¼ã‚¸ã«ãƒªãƒ€ã‚¤ãƒ¬ã‚¯ãƒˆã•ã‚Œã¦ã„ã‚‹ã‹[0m
    æœªç™»éŒ²ãƒ¦ãƒ¼ã‚¶ã¨ã—ã¦
[32m      302ãƒ¬ã‚¹ãƒãƒ³ã‚¹ã‚’è¿”ã™ã‹[0m
[32m      ã‚µã‚¤ãƒ³ã‚¤ãƒ³ç”»é¢ã«ãƒªãƒ€ã‚¤ãƒ¬ã‚¯ãƒˆã™ã‚‹ã‹[0m

Public::PostCommentsController
  #show
    èªè¨¼æ¸ˆã¿ã®ãƒ¦ãƒ¼ã‚¶ãƒ¼ã¨ã—ã¦
[32m      æ­£å¸¸ãªãƒ¬ã‚¹ãƒãƒ³ã‚¹ã‹[0m
[32m      200ãƒ¬ã‚¹ãƒãƒ³ã‚¹ãŒè¿”ã£ã¦ãã¦ã„ã‚‹ã‹[0m
    æœªç™»éŒ²ãƒ¦ãƒ¼ã‚¶ã¨ã—ã¦
[32m      302ãƒ¬ã‚¹ãƒãƒ³ã‚¹ã‚’è¿”ã™ã‹[0m
[32m      ã‚µã‚¤ãƒ³ã‚¤ãƒ³ç”»é¢ã«ãƒªãƒ€ã‚¤ãƒ¬ã‚¯ãƒˆã™ã‚‹ã‹[0m
  #create
    èªè¨¼æ¸ˆã¿ã®ãƒ¦ãƒ¼ã‚¶ãƒ¼ã¨ã—ã¦
[32m      æŠ•ç¨¿ã§ãã‚‹ã‹[0m
    æœªç™»éŒ²ãƒ¦ãƒ¼ã‚¶ã¨ã—ã¦
[32m      302ãƒ¬ã‚¹ãƒãƒ³ã‚¹ã‚’è¿”ã™ã‹[0m
[32m      ã‚µã‚¤ãƒ³ã‚¤ãƒ³ç”»é¢ã«ãƒªãƒ€ã‚¤ãƒ¬ã‚¯ãƒˆã™ã‚‹ã‹[0m
  #destroy
    èªè¨¼æ¸ˆã¿ã®ãƒ¦ãƒ¼ã‚¶ãƒ¼ã¨ã—ã¦
[32m      æ­£å¸¸ã«æŠ•ç¨¿ã‚’å‰Šé™¤ã§ãã‚‹ã‹[0m
    æœªç™»éŒ²ãƒ¦ãƒ¼ã‚¶ã¨ã—ã¦
[32m      302ãƒ¬ã‚¹ãƒãƒ³ã‚¹ã‚’è¿”ã™ã‹[0m
[32m      ã‚µã‚¤ãƒ³ã‚¤ãƒ³ç”»é¢ã«ãƒªãƒ€ã‚¤ãƒ¬ã‚¯ãƒˆã™ã‚‹ã‹[0m

Public::PostsController
  #index
    èªè¨¼æ¸ˆã¿ã®ãƒ¦ãƒ¼ã‚¶ãƒ¼ã¨ã—ã¦
[32m      æ­£å¸¸ãªãƒ¬ã‚¹ãƒãƒ³ã‚¹ã‹[0m
[32m      200ãƒ¬ã‚¹ãƒãƒ³ã‚¹ãŒè¿”ã£ã¦ãã¦ã„ã‚‹ã‹[0m
    æœªç™»éŒ²ãƒ¦ãƒ¼ã‚¶ã¨ã—ã¦
[32m      302ãƒ¬ã‚¹ãƒãƒ³ã‚¹ã‚’è¿”ã™ã‹[0m
[32m      ã‚µã‚¤ãƒ³ã‚¤ãƒ³ç”»é¢ã«ãƒªãƒ€ã‚¤ãƒ¬ã‚¯ãƒˆã™ã‚‹ã‹[0m
  #create
    èªè¨¼æ¸ˆã¿ã®ãƒ¦ãƒ¼ã‚¶ãƒ¼ã¨ã—ã¦
[32m      æŠ•ç¨¿ã§ãã‚‹ã‹[0m
[32m      æŠ•ç¨¿å¾Œã«ãƒã‚¤ãƒšãƒ¼ã‚¸ã«ãƒªãƒ€ã‚¤ãƒ¬ã‚¯ãƒˆã•ã‚Œã¦ã„ã‚‹ã‹[0m
    æœªç™»éŒ²ãƒ¦ãƒ¼ã‚¶ã¨ã—ã¦
[32m      302ãƒ¬ã‚¹ãƒãƒ³ã‚¹ã‚’è¿”ã™ã‹[0m
[32m      ã‚µã‚¤ãƒ³ã‚¤ãƒ³ç”»é¢ã«ãƒªãƒ€ã‚¤ãƒ¬ã‚¯ãƒˆã™ã‚‹ã‹[0m
  #edit
    èªè¨¼æ¸ˆã¿ã®ãƒ¦ãƒ¼ã‚¶ãƒ¼ã¨ã—ã¦
[32m      æ­£å¸¸ãªãƒ¬ã‚¹ãƒãƒ³ã‚¹ã‹[0m
[32m      200ãƒ¬ã‚¹ãƒãƒ³ã‚¹ãŒè¿”ã£ã¦ãã¦ã„ã‚‹ã‹[0m
    æœªç™»éŒ²ãƒ¦ãƒ¼ã‚¶ã¨ã—ã¦
[32m      302ãƒ¬ã‚¹ãƒãƒ³ã‚¹ã‚’è¿”ã™ã‹[0m
[32m      ã‚µã‚¤ãƒ³ã‚¤ãƒ³ç”»é¢ã«ãƒªãƒ€ã‚¤ãƒ¬ã‚¯ãƒˆã™ã‚‹ã‹[0m
  #update
    èªè¨¼æ¸ˆã¿ã®ãƒ¦ãƒ¼ã‚¶ãƒ¼ã¨ã—ã¦
[32m      æ­£å¸¸ã«æ›´æ–°ã§ãã‚‹ã‹[0m
[32m      æ›´æ–°å¾Œã«ãƒã‚¤ãƒšãƒ¼ã‚¸ã«ãƒªãƒ€ã‚¤ãƒ¬ã‚¯ãƒˆã•ã‚Œã¦ã„ã‚‹ã‹[0m
[32m      ãƒ•ã‚©ãƒ¼ãƒ ãŒç©ºç™½ã®æ™‚ã«æ›´æ–°ã§ããªããªã£ã¦ã„ã‚‹ã‹[0m
[32m      ãƒ•ã‚©ãƒ¼ãƒ ãŒç©ºç™½ã®æ™‚ã«æ›´æ–°ã§ããšã€å†åº¦ç·¨é›†ãƒšãƒ¼ã‚¸ã«ãƒªãƒ€ã‚¤ãƒ¬ã‚¯ãƒˆã•ã‚Œã‚‹ã‹[0m
    æœªç™»éŒ²ãƒ¦ãƒ¼ã‚¶ã¨ã—ã¦
[32m      302ãƒ¬ã‚¹ãƒãƒ³ã‚¹ã‚’è¿”ã™ã‹[0m
[32m      ã‚µã‚¤ãƒ³ã‚¤ãƒ³ç”»é¢ã«ãƒªãƒ€ã‚¤ãƒ¬ã‚¯ãƒˆã™ã‚‹ã‹[0m
  #destroy
    èªè¨¼æ¸ˆã¿ã®ãƒ¦ãƒ¼ã‚¶ãƒ¼ã¨ã—ã¦
[32m      æ­£å¸¸ã«æŠ•ç¨¿ã‚’å‰Šé™¤ã§ãã‚‹ã‹[0m
[32m      å‰Šé™¤å¾Œã«ç¾åœ¨ã®ãƒšãƒ¼ã‚¸ã«ãƒªãƒ€ã‚¤ãƒ¬ã‚¯ãƒˆã•ã‚Œã¦ã„ã‚‹ã‹[0m
    æœªç™»éŒ²ãƒ¦ãƒ¼ã‚¶ã¨ã—ã¦
[32m      302ãƒ¬ã‚¹ãƒãƒ³ã‚¹ã‚’è¿”ã™ã‹[0m
[32m      ã‚µã‚¤ãƒ³ã‚¤ãƒ³ç”»é¢ã«ãƒªãƒ€ã‚¤ãƒ¬ã‚¯ãƒˆã™ã‚‹ã‹[0m

Chat
  #create
[32m    ãƒ¡ãƒƒã‚»ãƒ¼ã‚¸ãŒãªã„å ´åˆã¯ç™»éŒ²ã§ããªã„ã“ã¨[0m

Event
  #create
[32m    ã‚¤ãƒ™ãƒ³ãƒˆåãŒãªã„å ´åˆã¯ç™»éŒ²ã§ããªã„ã“ã¨[0m
[32m    ã‚¤ãƒ™ãƒ³ãƒˆå†…å®¹ãŒãªã„å ´åˆã¯ç™»éŒ²ã§ããªã„ã“ã¨[0m
[32m    å ´æ‰€ãŒãªã„å ´åˆã¯ç™»éŒ²ã§ããªã„ã“ã¨[0m
[32m    å‚åŠ è²»ãŒãªã„å ´åˆã¯ç™»éŒ²ã§ããªã„ã“ã¨[0m
[32m    åŒä¸€ãƒ¦ãƒ¼ã‚¶ãƒ¼ãŒåŒã˜ã‚¤ãƒ™ãƒ³ãƒˆé–‹å‚¬æ—¥æ™‚ã‚’è¨­å®šã§ããªã„ã“ã¨[0m
[32m    ä»–ã®ãƒ¦ãƒ¼ã‚¶ãƒ¼ãŒåŒã˜é–‹å‚¬æ—¥æ™‚ã‚’ä½¿ã†ã“ã¨ã¯è¨±å¯ã™ã‚‹ã“ã¨[0m

Member
  #create
[32m    åå‰ãŒãªã„å ´åˆã¯ç™»éŒ²ã§ããªã„ã“ã¨[0m
[32m    ã‚¢ã‚«ã‚¦ãƒ³ãƒˆåãŒãªã„å ´åˆã¯ç™»éŒ²ã§ããªã„ã“ã¨[0m
[32m    é‡è¤‡ã—ãŸã‚¢ã‚«ã‚¦ãƒ³ãƒˆåã¯ç™»éŒ²ã§ããªã„ã“ã¨[0m
[32m    ãƒ¡ãƒ¼ãƒ«ã‚¢ãƒ‰ãƒ¬ã‚¹ãŒãªã„å ´åˆã¯ç™»éŒ²ã§ããªã„ã“ã¨[0m
[32m    ãƒ‘ã‚¹ãƒ¯ãƒ¼ãƒ‰ãŒãªã„å ´åˆã¯ç™»éŒ²ã§ããªã„ã“ã¨[0m
[32m    ç¢ºèªç”¨ãƒ‘ã‚¹ãƒ¯ãƒ¼ãƒ‰ãŒãªã„å ´åˆã¯ç™»éŒ²ã§ããªã„ã“ã¨[0m

PostComment
  #create
[32m    ã‚³ãƒ¡ãƒ³ãƒˆãŒãªã„å ´åˆã¯ç™»éŒ²ã§ããªã„ã“ã¨[0m

Post
  #create
[32m    å†…å®¹ãŒãªã„å ´åˆã¯ç™»éŒ²ã§ããªã„ã“ã¨[0m
[32m    å ´æ‰€ãŒãªã„å ´åˆã¯ç™»éŒ²ã§ããªã„ã“ã¨[0m
[32m    ã‚¸ãƒ£ãƒ³ãƒ«ãŒãªã„å ´åˆã¯ç™»éŒ²ã§ããªã„ã“ã¨[0m

Failures:

  1) Public::EventMembersController#new èªè¨¼æ¸ˆã¿ã®ãƒ¦ãƒ¼ã‚¶ãƒ¼ã¨ã—ã¦ æ­£å¸¸ãªãƒ¬ã‚¹ãƒãƒ³ã‚¹ã‹
     [31mFailure/Error: [0m@event_member = [1;34;4mFactoryBot[0m.create([33m:event_member[0m, {[35mmember[0m: @member, [35mevent[0m: @event})[0m
     [31m[0m
     [31mNoMethodError:[0m
     [31m  undefined method `post=' for #<EventMember:0x00000000068e4a08>[0m
     [36m# /home/ec2-user/.rvm/gems/ruby-2.6.3/gems/factory_bot-6.1.0/lib/factory_bot/attribute_assigner.rb:16:in `public_send'[0m
     [36m# /home/ec2-user/.rvm/gems/ruby-2.6.3/gems/factory_bot-6.1.0/lib/factory_bot/attribute_assigner.rb:16:in `block (2 levels) in object'[0m
     [36m# /home/ec2-user/.rvm/gems/ruby-2.6.3/gems/factory_bot-6.1.0/lib/factory_bot/attribute_assigner.rb:15:in `each'[0m
     [36m# /home/ec2-user/.rvm/gems/ruby-2.6.3/gems/factory_bot-6.1.0/lib/factory_bot/attribute_assigner.rb:15:in `block in object'[0m
     [36m# /home/ec2-user/.rvm/gems/ruby-2.6.3/gems/factory_bot-6.1.0/lib/factory_bot/attribute_assigner.rb:14:in `tap'[0m
     [36m# /home/ec2-user/.rvm/gems/ruby-2.6.3/gems/factory_bot-6.1.0/lib/factory_bot/attribute_assigner.rb:14:in `object'[0m
     [36m# /home/ec2-user/.rvm/gems/ruby-2.6.3/gems/factory_bot-6.1.0/lib/factory_bot/evaluation.rb:13:in `object'[0m
     [36m# /home/ec2-user/.rvm/gems/ruby-2.6.3/gems/factory_bot-6.1.0/lib/factory_bot/strategy/create.rb:9:in `result'[0m
     [36m# /home/ec2-user/.rvm/gems/ruby-2.6.3/gems/factory_bot-6.1.0/lib/factory_bot/factory.rb:43:in `run'[0m
     [36m# /home/ec2-user/.rvm/gems/ruby-2.6.3/gems/factory_bot-6.1.0/lib/factory_bot/factory_runner.rb:29:in `block in run'[0m
     [36m# /home/ec2-user/.rvm/gems/ruby-2.6.3/gems/factory_bot-6.1.0/lib/factory_bot/factory_runner.rb:28:in `run'[0m
     [36m# /home/ec2-user/.rvm/gems/ruby-2.6.3/gems/factory_bot-6.1.0/lib/factory_bot/strategy_syntax_method_registrar.rb:28:in `block in define_singular_strategy_method'[0m
     [36m# ./spec/controllers/public/event_members_controller_spec.rb:8:in `block (2 levels) in <top (required)>'[0m

  2) Public::EventMembersController#new èªè¨¼æ¸ˆã¿ã®ãƒ¦ãƒ¼ã‚¶ãƒ¼ã¨ã—ã¦ 200ãƒ¬ã‚¹ãƒãƒ³ã‚¹ãŒè¿”ã£ã¦ãã¦ã„ã‚‹ã‹
     [31mFailure/Error: [0m@event_member = [1;34;4mFactoryBot[0m.create([33m:event_member[0m, {[35mmember[0m: @member, [35mevent[0m: @event})[0m
     [31m[0m
     [31mNoMethodError:[0m
     [31m  undefined method `post=' for #<EventMember:0x0000000008228438>[0m
     [36m# /home/ec2-user/.rvm/gems/ruby-2.6.3/gems/factory_bot-6.1.0/lib/factory_bot/attribute_assigner.rb:16:in `public_send'[0m
     [36m# /home/ec2-user/.rvm/gems/ruby-2.6.3/gems/factory_bot-6.1.0/lib/factory_bot/attribute_assigner.rb:16:in `block (2 levels) in object'[0m
     [36m# /home/ec2-user/.rvm/gems/ruby-2.6.3/gems/factory_bot-6.1.0/lib/factory_bot/attribute_assigner.rb:15:in `each'[0m
     [36m# /home/ec2-user/.rvm/gems/ruby-2.6.3/gems/factory_bot-6.1.0/lib/factory_bot/attribute_assigner.rb:15:in `block in object'[0m
     [36m# /home/ec2-user/.rvm/gems/ruby-2.6.3/gems/factory_bot-6.1.0/lib/factory_bot/attribute_assigner.rb:14:in `tap'[0m
     [36m# /home/ec2-user/.rvm/gems/ruby-2.6.3/gems/factory_bot-6.1.0/lib/factory_bot/attribute_assigner.rb:14:in `object'[0m
     [36m# /home/ec2-user/.rvm/gems/ruby-2.6.3/gems/factory_bot-6.1.0/lib/factory_bot/evaluation.rb:13:in `object'[0m
     [36m# /home/ec2-user/.rvm/gems/ruby-2.6.3/gems/factory_bot-6.1.0/lib/factory_bot/strategy/create.rb:9:in `result'[0m
     [36m# /home/ec2-user/.rvm/gems/ruby-2.6.3/gems/factory_bot-6.1.0/lib/factory_bot/factory.rb:43:in `run'[0m
     [36m# /home/ec2-user/.rvm/gems/ruby-2.6.3/gems/factory_bot-6.1.0/lib/factory_bot/factory_runner.rb:29:in `block in run'[0m
     [36m# /home/ec2-user/.rvm/gems/ruby-2.6.3/gems/factory_bot-6.1.0/lib/factory_bot/factory_runner.rb:28:in `run'[0m
     [36m# /home/ec2-user/.rvm/gems/ruby-2.6.3/gems/factory_bot-6.1.0/lib/factory_bot/strategy_syntax_method_registrar.rb:28:in `block in define_singular_strategy_method'[0m
     [36m# ./spec/controllers/public/event_members_controller_spec.rb:8:in `block (2 levels) in <top (required)>'[0m

  3) Public::EventMembersController#new æœªç™»éŒ²ãƒ¦ãƒ¼ã‚¶ã¨ã—ã¦ 302ãƒ¬ã‚¹ãƒãƒ³ã‚¹ã‚’è¿”ã™ã‹
     [31mFailure/Error: [0m@event_member = [1;34;4mFactoryBot[0m.create([33m:event_member[0m, {[35mmember[0m: @member, [35mevent[0m: @event})[0m
     [31m[0m
     [31mNoMethodError:[0m
     [31m  undefined method `post=' for #<EventMember:0x00000000082e62f8>[0m
     [36m# /home/ec2-user/.rvm/gems/ruby-2.6.3/gems/factory_bot-6.1.0/lib/factory_bot/attribute_assigner.rb:16:in `public_send'[0m
     [36m# /home/ec2-user/.rvm/gems/ruby-2.6.3/gems/factory_bot-6.1.0/lib/factory_bot/attribute_assigner.rb:16:in `block (2 levels) in object'[0m
     [36m# /home/ec2-user/.rvm/gems/ruby-2.6.3/gems/factory_bot-6.1.0/lib/factory_bot/attribute_assigner.rb:15:in `each'[0m
     [36m# /home/ec2-user/.rvm/gems/ruby-2.6.3/gems/factory_bot-6.1.0/lib/factory_bot/attribute_assigner.rb:15:in `block in object'[0m
     [36m# /home/ec2-user/.rvm/gems/ruby-2.6.3/gems/factory_bot-6.1.0/lib/factory_bot/attribute_assigner.rb:14:in `tap'[0m
     [36m# /home/ec2-user/.rvm/gems/ruby-2.6.3/gems/factory_bot-6.1.0/lib/factory_bot/attribute_assigner.rb:14:in `object'[0m
     [36m# /home/ec2-user/.rvm/gems/ruby-2.6.3/gems/factory_bot-6.1.0/lib/factory_bot/evaluation.rb:13:in `object'[0m
     [36m# /home/ec2-user/.rvm/gems/ruby-2.6.3/gems/factory_bot-6.1.0/lib/factory_bot/strategy/create.rb:9:in `result'[0m
     [36m# /home/ec2-user/.rvm/gems/ruby-2.6.3/gems/factory_bot-6.1.0/lib/factory_bot/factory.rb:43:in `run'[0m
     [36m# /home/ec2-user/.rvm/gems/ruby-2.6.3/gems/factory_bot-6.1.0/lib/factory_bot/factory_runner.rb:29:in `block in run'[0m
     [36m# /home/ec2-user/.rvm/gems/ruby-2.6.3/gems/factory_bot-6.1.0/lib/factory_bot/factory_runner.rb:28:in `run'[0m
     [36m# /home/ec2-user/.rvm/gems/ruby-2.6.3/gems/factory_bot-6.1.0/lib/factory_bot/strategy_syntax_method_registrar.rb:28:in `block in define_singular_strategy_method'[0m
     [36m# ./spec/controllers/public/event_members_controller_spec.rb:8:in `block (2 levels) in <top (required)>'[0m

  4) Public::EventMembersController#new æœªç™»éŒ²ãƒ¦ãƒ¼ã‚¶ã¨ã—ã¦ ã‚µã‚¤ãƒ³ã‚¤ãƒ³ç”»é¢ã«ãƒªãƒ€ã‚¤ãƒ¬ã‚¯ãƒˆã™ã‚‹ã‹
     [31mFailure/Error: [0m@event_member = [1;34;4mFactoryBot[0m.create([33m:event_member[0m, {[35mmember[0m: @member, [35mevent[0m: @event})[0m
     [31m[0m
     [31mNoMethodError:[0m
     [31m  undefined method `post=' for #<EventMember:0x0000000008394290>[0m
     [36m# /home/ec2-user/.rvm/gems/ruby-2.6.3/gems/factory_bot-6.1.0/lib/factory_bot/attribute_assigner.rb:16:in `public_send'[0m
     [36m# /home/ec2-user/.rvm/gems/ruby-2.6.3/gems/factory_bot-6.1.0/lib/factory_bot/attribute_assigner.rb:16:in `block (2 levels) in object'[0m
     [36m# /home/ec2-user/.rvm/gems/ruby-2.6.3/gems/factory_bot-6.1.0/lib/factory_bot/attribute_assigner.rb:15:in `each'[0m
     [36m# /home/ec2-user/.rvm/gems/ruby-2.6.3/gems/factory_bot-6.1.0/lib/factory_bot/attribute_assigner.rb:15:in `block in object'[0m
     [36m# /home/ec2-user/.rvm/gems/ruby-2.6.3/gems/factory_bot-6.1.0/lib/factory_bot/attribute_assigner.rb:14:in `tap'[0m
     [36m# /home/ec2-user/.rvm/gems/ruby-2.6.3/gems/factory_bot-6.1.0/lib/factory_bot/attribute_assigner.rb:14:in `object'[0m
     [36m# /home/ec2-user/.rvm/gems/ruby-2.6.3/gems/factory_bot-6.1.0/lib/factory_bot/evaluation.rb:13:in `object'[0m
     [36m# /home/ec2-user/.rvm/gems/ruby-2.6.3/gems/factory_bot-6.1.0/lib/factory_bot/strategy/create.rb:9:in `result'[0m
     [36m# /home/ec2-user/.rvm/gems/ruby-2.6.3/gems/factory_bot-6.1.0/lib/factory_bot/factory.rb:43:in `run'[0m
     [36m# /home/ec2-user/.rvm/gems/ruby-2.6.3/gems/factory_bot-6.1.0/lib/factory_bot/factory_runner.rb:29:in `block in run'[0m
     [36m# /home/ec2-user/.rvm/gems/ruby-2.6.3/gems/factory_bot-6.1.0/lib/factory_bot/factory_runner.rb:28:in `run'[0m
     [36m# /home/ec2-user/.rvm/gems/ruby-2.6.3/gems/factory_bot-6.1.0/lib/factory_bot/strategy_syntax_method_registrar.rb:28:in `block in define_singular_strategy_method'[0m
     [36m# ./spec/controllers/public/event_members_controller_spec.rb:8:in `block (2 levels) in <top (required)>'[0m

  5) Public::EventMembersController#show èªè¨¼æ¸ˆã¿ã®ãƒ¦ãƒ¼ã‚¶ãƒ¼ã¨ã—ã¦ æ­£å¸¸ãªãƒ¬ã‚¹ãƒãƒ³ã‚¹ã‹
     [31mFailure/Error: [0m@event_member = [1;34;4mFactoryBot[0m.create([33m:event_member[0m, {[35mmember[0m: @member, [35mevent[0m: @event})[0m
     [31m[0m
     [31mNoMethodError:[0m
     [31m  undefined method `post=' for #<EventMember:0x000000000844c1d8>[0m
     [36m# /home/ec2-user/.rvm/gems/ruby-2.6.3/gems/factory_bot-6.1.0/lib/factory_bot/attribute_assigner.rb:16:in `public_send'[0m
     [36m# /home/ec2-user/.rvm/gems/ruby-2.6.3/gems/factory_bot-6.1.0/lib/factory_bot/attribute_assigner.rb:16:in `block (2 levels) in object'[0m
     [36m# /home/ec2-user/.rvm/gems/ruby-2.6.3/gems/factory_bot-6.1.0/lib/factory_bot/attribute_assigner.rb:15:in `each'[0m
     [36m# /home/ec2-user/.rvm/gems/ruby-2.6.3/gems/factory_bot-6.1.0/lib/factory_bot/attribute_assigner.rb:15:in `block in object'[0m
     [36m# /home/ec2-user/.rvm/gems/ruby-2.6.3/gems/factory_bot-6.1.0/lib/factory_bot/attribute_assigner.rb:14:in `tap'[0m
     [36m# /home/ec2-user/.rvm/gems/ruby-2.6.3/gems/factory_bot-6.1.0/lib/factory_bot/attribute_assigner.rb:14:in `object'[0m
     [36m# /home/ec2-user/.rvm/gems/ruby-2.6.3/gems/factory_bot-6.1.0/lib/factory_bot/evaluation.rb:13:in `object'[0m
     [36m# /home/ec2-user/.rvm/gems/ruby-2.6.3/gems/factory_bot-6.1.0/lib/factory_bot/strategy/create.rb:9:in `result'[0m
     [36m# /home/ec2-user/.rvm/gems/ruby-2.6.3/gems/factory_bot-6.1.0/lib/factory_bot/factory.rb:43:in `run'[0m
     [36m# /home/ec2-user/.rvm/gems/ruby-2.6.3/gems/factory_bot-6.1.0/lib/factory_bot/factory_runner.rb:29:in `block in run'[0m
     [36m# /home/ec2-user/.rvm/gems/ruby-2.6.3/gems/factory_bot-6.1.0/lib/factory_bot/factory_runner.rb:28:in `run'[0m
     [36m# /home/ec2-user/.rvm/gems/ruby-2.6.3/gems/factory_bot-6.1.0/lib/factory_bot/strategy_syntax_method_registrar.rb:28:in `block in define_singular_strategy_method'[0m
     [36m# ./spec/controllers/public/event_members_controller_spec.rb:8:in `block (2 levels) in <top (required)>'[0m

  6) Public::EventMembersController#show èªè¨¼æ¸ˆã¿ã®ãƒ¦ãƒ¼ã‚¶ãƒ¼ã¨ã—ã¦ 200ãƒ¬ã‚¹ãƒãƒ³ã‚¹ãŒè¿”ã£ã¦ãã¦ã„ã‚‹ã‹
     [31mFailure/Error: [0m@event_member = [1;34;4mFactoryBot[0m.create([33m:event_member[0m, {[35mmember[0m: @member, [35mevent[0m: @event})[0m
     [31m[0m
     [31mNoMethodError:[0m
     [31m  undefined method `post=' for #<EventMember:0x00000000084fae40>[0m
     [36m# /home/ec2-user/.rvm/gems/ruby-2.6.3/gems/factory_bot-6.1.0/lib/factory_bot/attribute_assigner.rb:16:in `public_send'[0m
     [36m# /home/ec2-user/.rvm/gems/ruby-2.6.3/gems/factory_bot-6.1.0/lib/factory_bot/attribute_assigner.rb:16:in `block (2 levels) in object'[0m
     [36m# /home/ec2-user/.rvm/gems/ruby-2.6.3/gems/factory_bot-6.1.0/lib/factory_bot/attribute_assigner.rb:15:in `each'[0m
     [36m# /home/ec2-user/.rvm/gems/ruby-2.6.3/gems/factory_bot-6.1.0/lib/factory_bot/attribute_assigner.rb:15:in `block in object'[0m
     [36m# /home/ec2-user/.rvm/gems/ruby-2.6.3/gems/factory_bot-6.1.0/lib/factory_bot/attribute_assigner.rb:14:in `tap'[0m
     [36m# /home/ec2-user/.rvm/gems/ruby-2.6.3/gems/factory_bot-6.1.0/lib/factory_bot/attribute_assigner.rb:14:in `object'[0m
     [36m# /home/ec2-user/.rvm/gems/ruby-2.6.3/gems/factory_bot-6.1.0/lib/factory_bot/evaluation.rb:13:in `object'[0m
     [36m# /home/ec2-user/.rvm/gems/ruby-2.6.3/gems/factory_bot-6.1.0/lib/factory_bot/strategy/create.rb:9:in `result'[0m
     [36m# /home/ec2-user/.rvm/gems/ruby-2.6.3/gems/factory_bot-6.1.0/lib/factory_bot/factory.rb:43:in `run'[0m
     [36m# /home/ec2-user/.rvm/gems/ruby-2.6.3/gems/factory_bot-6.1.0/lib/factory_bot/factory_runner.rb:29:in `block in run'[0m
     [36m# /home/ec2-user/.rvm/gems/ruby-2.6.3/gems/factory_bot-6.1.0/lib/factory_bot/factory_runner.rb:28:in `run'[0m
     [36m# /home/ec2-user/.rvm/gems/ruby-2.6.3/gems/factory_bot-6.1.0/lib/factory_bot/strategy_syntax_method_registrar.rb:28:in `block in define_singular_strategy_method'[0m
     [36m# ./spec/controllers/public/event_members_controller_spec.rb:8:in `block (2 levels) in <top (required)>'[0m

  7) Public::EventMembersController#show æœªç™»éŒ²ãƒ¦ãƒ¼ã‚¶ã¨ã—ã¦ 302ãƒ¬ã‚¹ãƒãƒ³ã‚¹ã‚’è¿”ã™ã‹
     [31mFailure/Error: [0m@event_member = [1;34;4mFactoryBot[0m.create([33m:event_member[0m, {[35mmember[0m: @member, [35mevent[0m: @event})[0m
     [31m[0m
     [31mNoMethodError:[0m
     [31m  undefined method `post=' for #<EventMember:0x00000000085b7428>[0m
     [36m# /home/ec2-user/.rvm/gems/ruby-2.6.3/gems/factory_bot-6.1.0/lib/factory_bot/attribute_assigner.rb:16:in `public_send'[0m
     [36m# /home/ec2-user/.rvm/gems/ruby-2.6.3/gems/factory_bot-6.1.0/lib/factory_bot/attribute_assigner.rb:16:in `block (2 levels) in object'[0m
     [36m# /home/ec2-user/.rvm/gems/ruby-2.6.3/gems/factory_bot-6.1.0/lib/factory_bot/attribute_assigner.rb:15:in `each'[0m
     [36m# /home/ec2-user/.rvm/gems/ruby-2.6.3/gems/factory_bot-6.1.0/lib/factory_bot/attribute_assigner.rb:15:in `block in object'[0m
     [36m# /home/ec2-user/.rvm/gems/ruby-2.6.3/gems/factory_bot-6.1.0/lib/factory_bot/attribute_assigner.rb:14:in `tap'[0m
     [36m# /home/ec2-user/.rvm/gems/ruby-2.6.3/gems/factory_bot-6.1.0/lib/factory_bot/attribute_assigner.rb:14:in `object'[0m
     [36m# /home/ec2-user/.rvm/gems/ruby-2.6.3/gems/factory_bot-6.1.0/lib/factory_bot/evaluation.rb:13:in `object'[0m
     [36m# /home/ec2-user/.rvm/gems/ruby-2.6.3/gems/factory_bot-6.1.0/lib/factory_bot/strategy/create.rb:9:in `result'[0m
     [36m# /home/ec2-user/.rvm/gems/ruby-2.6.3/gems/factory_bot-6.1.0/lib/factory_bot/factory.rb:43:in `run'[0m
     [36m# /home/ec2-user/.rvm/gems/ruby-2.6.3/gems/factory_bot-6.1.0/lib/factory_bot/factory_runner.rb:29:in `block in run'[0m
     [36m# /home/ec2-user/.rvm/gems/ruby-2.6.3/gems/factory_bot-6.1.0/lib/factory_bot/factory_runner.rb:28:in `run'[0m
     [36m# /home/ec2-user/.rvm/gems/ruby-2.6.3/gems/factory_bot-6.1.0/lib/factory_bot/strategy_syntax_method_registrar.rb:28:in `block in define_singular_strategy_method'[0m
     [36m# ./spec/controllers/public/event_members_controller_spec.rb:8:in `block (2 levels) in <top (required)>'[0m

  8) Public::EventMembersController#show æœªç™»éŒ²ãƒ¦ãƒ¼ã‚¶ã¨ã—ã¦ ã‚µã‚¤ãƒ³ã‚¤ãƒ³ç”»é¢ã«ãƒªãƒ€ã‚¤ãƒ¬ã‚¯ãƒˆã™ã‚‹ã‹
     [31mFailure/Error: [0m@event_member = [1;34;4mFactoryBot[0m.create([33m:event_member[0m, {[35mmember[0m: @member, [35mevent[0m: @event})[0m
     [31m[0m
     [31mNoMethodError:[0m
     [31m  undefined method `post=' for #<EventMember:0x000000000864c3e8>[0m
     [36m# /home/ec2-user/.rvm/gems/ruby-2.6.3/gems/factory_bot-6.1.0/lib/factory_bot/attribute_assigner.rb:16:in `public_send'[0m
     [36m# /home/ec2-user/.rvm/gems/ruby-2.6.3/gems/factory_bot-6.1.0/lib/factory_bot/attribute_assigner.rb:16:in `block (2 levels) in object'[0m
     [36m# /home/ec2-user/.rvm/gems/ruby-2.6.3/gems/factory_bot-6.1.0/lib/factory_bot/attribute_assigner.rb:15:in `each'[0m
     [36m# /home/ec2-user/.rvm/gems/ruby-2.6.3/gems/factory_bot-6.1.0/lib/factory_bot/attribute_assigner.rb:15:in `block in object'[0m
     [36m# /home/ec2-user/.rvm/gems/ruby-2.6.3/gems/factory_bot-6.1.0/lib/factory_bot/attribute_assigner.rb:14:in `tap'[0m
     [36m# /home/ec2-user/.rvm/gems/ruby-2.6.3/gems/factory_bot-6.1.0/lib/factory_bot/attribute_assigner.rb:14:in `object'[0m
     [36m# /home/ec2-user/.rvm/gems/ruby-2.6.3/gems/factory_bot-6.1.0/lib/factory_bot/evaluation.rb:13:in `object'[0m
     [36m# /home/ec2-user/.rvm/gems/ruby-2.6.3/gems/factory_bot-6.1.0/lib/factory_bot/strategy/create.rb:9:in `result'[0m
     [36m# /home/ec2-user/.rvm/gems/ruby-2.6.3/gems/factory_bot-6.1.0/lib/factory_bot/factory.rb:43:in `run'[0m
     [36m# /home/ec2-user/.rvm/gems/ruby-2.6.3/gems/factory_bot-6.1.0/lib/factory_bot/factory_runner.rb:29:in `block in run'[0m
     [36m# /home/ec2-user/.rvm/gems/ruby-2.6.3/gems/factory_bot-6.1.0/lib/factory_bot/factory_runner.rb:28:in `run'[0m
     [36m# /home/ec2-user/.rvm/gems/ruby-2.6.3/gems/factory_bot-6.1.0/lib/factory_bot/strategy_syntax_method_registrar.rb:28:in `block in define_singular_strategy_method'[0m
     [36m# ./spec/controllers/public/event_members_controller_spec.rb:8:in `block (2 levels) in <top (required)>'[0m

  9) Public::EventMembersController#complete èªè¨¼æ¸ˆã¿ã®ãƒ¦ãƒ¼ã‚¶ãƒ¼ã¨ã—ã¦ æ­£å¸¸ãªãƒ¬ã‚¹ãƒãƒ³ã‚¹ã‹
     [31mFailure/Error: [0m@event_member = [1;34;4mFactoryBot[0m.create([33m:event_member[0m, {[35mmember[0m: @member, [35mevent[0m: @event})[0m
     [31m[0m
     [31mNoMethodError:[0m
     [31m  undefined method `post=' for #<EventMember:0x00000000086fcd88>[0m
     [36m# /home/ec2-user/.rvm/gems/ruby-2.6.3/gems/factory_bot-6.1.0/lib/factory_bot/attribute_assigner.rb:16:in `public_send'[0m
     [36m# /home/ec2-user/.rvm/gems/ruby-2.6.3/gems/factory_bot-6.1.0/lib/factory_bot/attribute_assigner.rb:16:in `block (2 levels) in object'[0m
     [36m# /home/ec2-user/.rvm/gems/ruby-2.6.3/gems/factory_bot-6.1.0/lib/factory_bot/attribute_assigner.rb:15:in `each'[0m
     [36m# /home/ec2-user/.rvm/gems/ruby-2.6.3/gems/factory_bot-6.1.0/lib/factory_bot/attribute_assigner.rb:15:in `block in object'[0m
     [36m# /home/ec2-user/.rvm/gems/ruby-2.6.3/gems/factory_bot-6.1.0/lib/factory_bot/attribute_assigner.rb:14:in `tap'[0m
     [36m# /home/ec2-user/.rvm/gems/ruby-2.6.3/gems/factory_bot-6.1.0/lib/factory_bot/attribute_assigner.rb:14:in `object'[0m
     [36m# /home/ec2-user/.rvm/gems/ruby-2.6.3/gems/factory_bot-6.1.0/lib/factory_bot/evaluation.rb:13:in `object'[0m
     [36m# /home/ec2-user/.rvm/gems/ruby-2.6.3/gems/factory_bot-6.1.0/lib/factory_bot/strategy/create.rb:9:in `result'[0m
     [36m# /home/ec2-user/.rvm/gems/ruby-2.6.3/gems/factory_bot-6.1.0/lib/factory_bot/factory.rb:43:in `run'[0m
     [36m# /home/ec2-user/.rvm/gems/ruby-2.6.3/gems/factory_bot-6.1.0/lib/factory_bot/factory_runner.rb:29:in `block in run'[0m
     [36m# /home/ec2-user/.rvm/gems/ruby-2.6.3/gems/factory_bot-6.1.0/lib/factory_bot/factory_runner.rb:28:in `run'[0m
     [36m# /home/ec2-user/.rvm/gems/ruby-2.6.3/gems/factory_bot-6.1.0/lib/factory_bot/strategy_syntax_method_registrar.rb:28:in `block in define_singular_strategy_method'[0m
     [36m# ./spec/controllers/public/event_members_controller_spec.rb:8:in `block (2 levels) in <top (required)>'[0m

  10) Public::EventMembersController#complete èªè¨¼æ¸ˆã¿ã®ãƒ¦ãƒ¼ã‚¶ãƒ¼ã¨ã—ã¦ 200ãƒ¬ã‚¹ãƒãƒ³ã‚¹ãŒè¿”ã£ã¦ãã¦ã„ã‚‹ã‹
      [31mFailure/Error: [0m@event_member = [1;34;4mFactoryBot[0m.create([33m:event_member[0m, {[35mmember[0m: @member, [35mevent[0m: @event})[0m
      [31m[0m
      [31mNoMethodError:[0m
      [31m  undefined method `post=' for #<EventMember:0x00000000087a8200>[0m
      [36m# /home/ec2-user/.rvm/gems/ruby-2.6.3/gems/factory_bot-6.1.0/lib/factory_bot/attribute_assigner.rb:16:in `public_send'[0m
      [36m# /home/ec2-user/.rvm/gems/ruby-2.6.3/gems/factory_bot-6.1.0/lib/factory_bot/attribute_assigner.rb:16:in `block (2 levels) in object'[0m
      [36m# /home/ec2-user/.rvm/gems/ruby-2.6.3/gems/factory_bot-6.1.0/lib/factory_bot/attribute_assigner.rb:15:in `each'[0m
      [36m# /home/ec2-user/.rvm/gems/ruby-2.6.3/gems/factory_bot-6.1.0/lib/factory_bot/attribute_assigner.rb:15:in `block in object'[0m
      [36m# /home/ec2-user/.rvm/gems/ruby-2.6.3/gems/factory_bot-6.1.0/lib/factory_bot/attribute_assigner.rb:14:in `tap'[0m
      [36m# /home/ec2-user/.rvm/gems/ruby-2.6.3/gems/factory_bot-6.1.0/lib/factory_bot/attribute_assigner.rb:14:in `object'[0m
      [36m# /home/ec2-user/.rvm/gems/ruby-2.6.3/gems/factory_bot-6.1.0/lib/factory_bot/evaluation.rb:13:in `object'[0m
      [36m# /home/ec2-user/.rvm/gems/ruby-2.6.3/gems/factory_bot-6.1.0/lib/factory_bot/strategy/create.rb:9:in `result'[0m
      [36m# /home/ec2-user/.rvm/gems/ruby-2.6.3/gems/factory_bot-6.1.0/lib/factory_bot/factory.rb:43:in `run'[0m
      [36m# /home/ec2-user/.rvm/gems/ruby-2.6.3/gems/factory_bot-6.1.0/lib/factory_bot/factory_runner.rb:29:in `block in run'[0m
      [36m# /home/ec2-user/.rvm/gems/ruby-2.6.3/gems/factory_bot-6.1.0/lib/factory_bot/factory_runner.rb:28:in `run'[0m
      [36m# /home/ec2-user/.rvm/gems/ruby-2.6.3/gems/factory_bot-6.1.0/lib/factory_bot/strategy_syntax_method_registrar.rb:28:in `block in define_singular_strategy_method'[0m
      [36m# ./spec/controllers/public/event_members_controller_spec.rb:8:in `block (2 levels) in <top (required)>'[0m

  11) Public::EventMembersController#complete æœªç™»éŒ²ãƒ¦ãƒ¼ã‚¶ã¨ã—ã¦ 302ãƒ¬ã‚¹ãƒãƒ³ã‚¹ã‚’è¿”ã™ã‹
      [31mFailure/Error: [0m@event_member = [1;34;4mFactoryBot[0m.create([33m:event_member[0m, {[35mmember[0m: @member, [35mevent[0m: @event})[0m
      [31m[0m
      [31mNoMethodError:[0m
      [31m  undefined method `post=' for #<EventMember:0x00000000088628a8>[0m
      [36m# /home/ec2-user/.rvm/gems/ruby-2.6.3/gems/factory_bot-6.1.0/lib/factory_bot/attribute_assigner.rb:16:in `public_send'[0m
      [36m# /home/ec2-user/.rvm/gems/ruby-2.6.3/gems/factory_bot-6.1.0/lib/factory_bot/attribute_assigner.rb:16:in `block (2 levels) in object'[0m
      [36m# /home/ec2-user/.rvm/gems/ruby-2.6.3/gems/factory_bot-6.1.0/lib/factory_bot/attribute_assigner.rb:15:in `each'[0m
      [36m# /home/ec2-user/.rvm/gems/ruby-2.6.3/gems/factory_bot-6.1.0/lib/factory_bot/attribute_assigner.rb:15:in `block in object'[0m
      [36m# /home/ec2-user/.rvm/gems/ruby-2.6.3/gems/factory_bot-6.1.0/lib/factory_bot/attribute_assigner.rb:14:in `tap'[0m
      [36m# /home/ec2-user/.rvm/gems/ruby-2.6.3/gems/factory_bot-6.1.0/lib/factory_bot/attribute_assigner.rb:14:in `object'[0m
      [36m# /home/ec2-user/.rvm/gems/ruby-2.6.3/gems/factory_bot-6.1.0/lib/factory_bot/evaluation.rb:13:in `object'[0m
      [36m# /home/ec2-user/.rvm/gems/ruby-2.6.3/gems/factory_bot-6.1.0/lib/factory_bot/strategy/create.rb:9:in `result'[0m
      [36m# /home/ec2-user/.rvm/gems/ruby-2.6.3/gems/factory_bot-6.1.0/lib/factory_bot/factory.rb:43:in `run'[0m
      [36m# /home/ec2-user/.rvm/gems/ruby-2.6.3/gems/factory_bot-6.1.0/lib/factory_bot/factory_runner.rb:29:in `block in run'[0m
      [36m# /home/ec2-user/.rvm/gems/ruby-2.6.3/gems/factory_bot-6.1.0/lib/factory_bot/factory_runner.rb:28:in `run'[0m
      [36m# /home/ec2-user/.rvm/gems/ruby-2.6.3/gems/factory_bot-6.1.0/lib/factory_bot/strategy_syntax_method_registrar.rb:28:in `block in define_singular_strategy_method'[0m
      [36m# ./spec/controllers/public/event_members_controller_spec.rb:8:in `block (2 levels) in <top (required)>'[0m

  12) Public::EventMembersController#complete æœªç™»éŒ²ãƒ¦ãƒ¼ã‚¶ã¨ã—ã¦ ã‚µã‚¤ãƒ³ã‚¤ãƒ³ç”»é¢ã«ãƒªãƒ€ã‚¤ãƒ¬ã‚¯ãƒˆã™ã‚‹ã‹
      [31mFailure/Error: [0m@event_member = [1;34;4mFactoryBot[0m.create([33m:event_member[0m, {[35mmember[0m: @member, [35mevent[0m: @event})[0m
      [31m[0m
      [31mNoMethodError:[0m
      [31m  undefined method `post=' for #<EventMember:0x0000000008918130>[0m
      [36m# /home/ec2-user/.rvm/gems/ruby-2.6.3/gems/factory_bot-6.1.0/lib/factory_bot/attribute_assigner.rb:16:in `public_send'[0m
      [36m# /home/ec2-user/.rvm/gems/ruby-2.6.3/gems/factory_bot-6.1.0/lib/factory_bot/attribute_assigner.rb:16:in `block (2 levels) in object'[0m
      [36m# /home/ec2-user/.rvm/gems/ruby-2.6.3/gems/factory_bot-6.1.0/lib/factory_bot/attribute_assigner.rb:15:in `each'[0m
      [36m# /home/ec2-user/.rvm/gems/ruby-2.6.3/gems/factory_bot-6.1.0/lib/factory_bot/attribute_assigner.rb:15:in `block in object'[0m
      [36m# /home/ec2-user/.rvm/gems/ruby-2.6.3/gems/factory_bot-6.1.0/lib/factory_bot/attribute_assigner.rb:14:in `tap'[0m
      [36m# /home/ec2-user/.rvm/gems/ruby-2.6.3/gems/factory_bot-6.1.0/lib/factory_bot/attribute_assigner.rb:14:in `object'[0m
      [36m# /home/ec2-user/.rvm/gems/ruby-2.6.3/gems/factory_bot-6.1.0/lib/factory_bot/evaluation.rb:13:in `object'[0m
      [36m# /home/ec2-user/.rvm/gems/ruby-2.6.3/gems/factory_bot-6.1.0/lib/factory_bot/strategy/create.rb:9:in `result'[0m
      [36m# /home/ec2-user/.rvm/gems/ruby-2.6.3/gems/factory_bot-6.1.0/lib/factory_bot/factory.rb:43:in `run'[0m
      [36m# /home/ec2-user/.rvm/gems/ruby-2.6.3/gems/factory_bot-6.1.0/lib/factory_bot/factory_runner.rb:29:in `block in run'[0m
      [36m# /home/ec2-user/.rvm/gems/ruby-2.6.3/gems/factory_bot-6.1.0/lib/factory_bot/factory_runner.rb:28:in `run'[0m
      [36m# /home/ec2-user/.rvm/gems/ruby-2.6.3/gems/factory_bot-6.1.0/lib/factory_bot/strategy_syntax_method_registrar.rb:28:in `block in define_singular_strategy_method'[0m
      [36m# ./spec/controllers/public/event_members_controller_spec.rb:8:in `block (2 levels) in <top (required)>'[0m

  13) Public::EventMembersController#create èªè¨¼æ¸ˆã¿ã®ãƒ¦ãƒ¼ã‚¶ãƒ¼ã¨ã—ã¦ ã‚¤ãƒ™ãƒ³ãƒˆä½œæˆã§ãã‚‹ã‹
      [31mFailure/Error: [0m@event_member = [1;34;4mFactoryBot[0m.create([33m:event_member[0m, {[35mmember[0m: @member, [35mevent[0m: @event})[0m
      [31m[0m
      [31mNoMethodError:[0m
      [31m  undefined method `post=' for #<EventMember:0x00000000089cdf30>[0m
      [36m# /home/ec2-user/.rvm/gems/ruby-2.6.3/gems/factory_bot-6.1.0/lib/factory_bot/attribute_assigner.rb:16:in `public_send'[0m
      [36m# /home/ec2-user/.rvm/gems/ruby-2.6.3/gems/factory_bot-6.1.0/lib/factory_bot/attribute_assigner.rb:16:in `block (2 levels) in object'[0m
      [36m# /home/ec2-user/.rvm/gems/ruby-2.6.3/gems/factory_bot-6.1.0/lib/factory_bot/attribute_assigner.rb:15:in `each'[0m
      [36m# /home/ec2-user/.rvm/gems/ruby-2.6.3/gems/factory_bot-6.1.0/lib/factory_bot/attribute_assigner.rb:15:in `block in object'[0m
      [36m# /home/ec2-user/.rvm/gems/ruby-2.6.3/gems/factory_bot-6.1.0/lib/factory_bot/attribute_assigner.rb:14:in `tap'[0m
      [36m# /home/ec2-user/.rvm/gems/ruby-2.6.3/gems/factory_bot-6.1.0/lib/factory_bot/attribute_assigner.rb:14:in `object'[0m
      [36m# /home/ec2-user/.rvm/gems/ruby-2.6.3/gems/factory_bot-6.1.0/lib/factory_bot/evaluation.rb:13:in `object'[0m
      [36m# /home/ec2-user/.rvm/gems/ruby-2.6.3/gems/factory_bot-6.1.0/lib/factory_bot/strategy/create.rb:9:in `result'[0m
      [36m# /home/ec2-user/.rvm/gems/ruby-2.6.3/gems/factory_bot-6.1.0/lib/factory_bot/factory.rb:43:in `run'[0m
      [36m# /home/ec2-user/.rvm/gems/ruby-2.6.3/gems/factory_bot-6.1.0/lib/factory_bot/factory_runner.rb:29:in `block in run'[0m
      [36m# /home/ec2-user/.rvm/gems/ruby-2.6.3/gems/factory_bot-6.1.0/lib/factory_bot/factory_runner.rb:28:in `run'[0m
      [36m# /home/ec2-user/.rvm/gems/ruby-2.6.3/gems/factory_bot-6.1.0/lib/factory_bot/strategy_syntax_method_registrar.rb:28:in `block in define_singular_strategy_method'[0m
      [36m# ./spec/controllers/public/event_members_controller_spec.rb:8:in `block (2 levels) in <top (required)>'[0m

  14) Public::EventMembersController#create èªè¨¼æ¸ˆã¿ã®ãƒ¦ãƒ¼ã‚¶ãƒ¼ã¨ã—ã¦ æŠ•ç¨¿å¾Œã«ãƒã‚¤ãƒšãƒ¼ã‚¸ã«ãƒªãƒ€ã‚¤ãƒ¬ã‚¯ãƒˆã•ã‚Œã¦ã„ã‚‹ã‹
      [31mFailure/Error: [0m@event_member = [1;34;4mFactoryBot[0m.create([33m:event_member[0m, {[35mmember[0m: @member, [35mevent[0m: @event})[0m
      [31m[0m
      [31mNoMethodError:[0m
      [31m  undefined method `post=' for #<EventMember:0x0000000008a8baa8>[0m
      [36m# /home/ec2-user/.rvm/gems/ruby-2.6.3/gems/factory_bot-6.1.0/lib/factory_bot/attribute_assigner.rb:16:in `public_send'[0m
      [36m# /home/ec2-user/.rvm/gems/ruby-2.6.3/gems/factory_bot-6.1.0/lib/factory_bot/attribute_assigner.rb:16:in `block (2 levels) in object'[0m
      [36m# /home/ec2-user/.rvm/gems/ruby-2.6.3/gems/factory_bot-6.1.0/lib/factory_bot/attribute_assigner.rb:15:in `each'[0m
      [36m# /home/ec2-user/.rvm/gems/ruby-2.6.3/gems/factory_bot-6.1.0/lib/factory_bot/attribute_assigner.rb:15:in `block in object'[0m
      [36m# /home/ec2-user/.rvm/gems/ruby-2.6.3/gems/factory_bot-6.1.0/lib/factory_bot/attribute_assigner.rb:14:in `tap'[0m
      [36m# /home/ec2-user/.rvm/gems/ruby-2.6.3/gems/factory_bot-6.1.0/lib/factory_bot/attribute_assigner.rb:14:in `object'[0m
      [36m# /home/ec2-user/.rvm/gems/ruby-2.6.3/gems/factory_bot-6.1.0/lib/factory_bot/evaluation.rb:13:in `object'[0m
      [36m# /home/ec2-user/.rvm/gems/ruby-2.6.3/gems/factory_bot-6.1.0/lib/factory_bot/strategy/create.rb:9:in `result'[0m
      [36m# /home/ec2-user/.rvm/gems/ruby-2.6.3/gems/factory_bot-6.1.0/lib/factory_bot/factory.rb:43:in `run'[0m
      [36m# /home/ec2-user/.rvm/gems/ruby-2.6.3/gems/factory_bot-6.1.0/lib/factory_bot/factory_runner.rb:29:in `block in run'[0m
      [36m# /home/ec2-user/.rvm/gems/ruby-2.6.3/gems/factory_bot-6.1.0/lib/factory_bot/factory_runner.rb:28:in `run'[0m
      [36m# /home/ec2-user/.rvm/gems/ruby-2.6.3/gems/factory_bot-6.1.0/lib/factory_bot/strategy_syntax_method_registrar.rb:28:in `block in define_singular_strategy_method'[0m
      [36m# ./spec/controllers/public/event_members_controller_spec.rb:8:in `block (2 levels) in <top (required)>'[0m

  15) Public::EventMembersController#create æœªç™»éŒ²ãƒ¦ãƒ¼ã‚¶ã¨ã—ã¦ 302ãƒ¬ã‚¹ãƒãƒ³ã‚¹ã‚’è¿”ã™ã‹
      [31mFailure/Error: [0m@event_member = [1;34;4mFactoryBot[0m.create([33m:event_member[0m, {[35mmember[0m: @member, [35mevent[0m: @event})[0m
      [31m[0m
      [31mNoMethodError:[0m
      [31m  undefined method `post=' for #<EventMember:0x0000000008b30260>[0m
      [36m# /home/ec2-user/.rvm/gems/ruby-2.6.3/gems/factory_bot-6.1.0/lib/factory_bot/attribute_assigner.rb:16:in `public_send'[0m
      [36m# /home/ec2-user/.rvm/gems/ruby-2.6.3/gems/factory_bot-6.1.0/lib/factory_bot/attribute_assigner.rb:16:in `block (2 levels) in object'[0m
      [36m# /home/ec2-user/.rvm/gems/ruby-2.6.3/gems/factory_bot-6.1.0/lib/factory_bot/attribute_assigner.rb:15:in `each'[0m
      [36m# /home/ec2-user/.rvm/gems/ruby-2.6.3/gems/factory_bot-6.1.0/lib/factory_bot/attribute_assigner.rb:15:in `block in object'[0m
      [36m# /home/ec2-user/.rvm/gems/ruby-2.6.3/gems/factory_bot-6.1.0/lib/factory_bot/attribute_assigner.rb:14:in `tap'[0m
      [36m# /home/ec2-user/.rvm/gems/ruby-2.6.3/gems/factory_bot-6.1.0/lib/factory_bot/attribute_assigner.rb:14:in `object'[0m
      [36m# /home/ec2-user/.rvm/gems/ruby-2.6.3/gems/factory_bot-6.1.0/lib/factory_bot/evaluation.rb:13:in `object'[0m
      [36m# /home/ec2-user/.rvm/gems/ruby-2.6.3/gems/factory_bot-6.1.0/lib/factory_bot/strategy/create.rb:9:in `result'[0m
      [36m# /home/ec2-user/.rvm/gems/ruby-2.6.3/gems/factory_bot-6.1.0/lib/factory_bot/factory.rb:43:in `run'[0m
      [36m# /home/ec2-user/.rvm/gems/ruby-2.6.3/gems/factory_bot-6.1.0/lib/factory_bot/factory_runner.rb:29:in `block in run'[0m
      [36m# /home/ec2-user/.rvm/gems/ruby-2.6.3/gems/factory_bot-6.1.0/lib/factory_bot/factory_runner.rb:28:in `run'[0m
      [36m# /home/ec2-user/.rvm/gems/ruby-2.6.3/gems/factory_bot-6.1.0/lib/factory_bot/strategy_syntax_method_registrar.rb:28:in `block in define_singular_strategy_method'[0m
      [36m# ./spec/controllers/public/event_members_controller_spec.rb:8:in `block (2 levels) in <top (required)>'[0m

  16) Public::EventMembersController#create æœªç™»éŒ²ãƒ¦ãƒ¼ã‚¶ã¨ã—ã¦ ã‚µã‚¤ãƒ³ã‚¤ãƒ³ç”»é¢ã«ãƒªãƒ€ã‚¤ãƒ¬ã‚¯ãƒˆã™ã‚‹ã‹
      [31mFailure/Error: [0m@event_member = [1;34;4mFactoryBot[0m.create([33m:event_member[0m, {[35mmember[0m: @member, [35mevent[0m: @event})[0m
      [31m[0m
      [31mNoMethodError:[0m
      [31m  undefined method `post=' for #<EventMember:0x0000000008be7a50>[0m
      [36m# /home/ec2-user/.rvm/gems/ruby-2.6.3/gems/factory_bot-6.1.0/lib/factory_bot/attribute_assigner.rb:16:in `public_send'[0m
      [36m# /home/ec2-user/.rvm/gems/ruby-2.6.3/gems/factory_bot-6.1.0/lib/factory_bot/attribute_assigner.rb:16:in `block (2 levels) in object'[0m
      [36m# /home/ec2-user/.rvm/gems/ruby-2.6.3/gems/factory_bot-6.1.0/lib/factory_bot/attribute_assigner.rb:15:in `each'[0m
      [36m# /home/ec2-user/.rvm/gems/ruby-2.6.3/gems/factory_bot-6.1.0/lib/factory_bot/attribute_assigner.rb:15:in `block in object'[0m
      [36m# /home/ec2-user/.rvm/gems/ruby-2.6.3/gems/factory_bot-6.1.0/lib/factory_bot/attribute_assigner.rb:14:in `tap'[0m
      [36m# /home/ec2-user/.rvm/gems/ruby-2.6.3/gems/factory_bot-6.1.0/lib/factory_bot/attribute_assigner.rb:14:in `object'[0m
      [36m# /home/ec2-user/.rvm/gems/ruby-2.6.3/gems/factory_bot-6.1.0/lib/factory_bot/evaluation.rb:13:in `object'[0m
      [36m# /home/ec2-user/.rvm/gems/ruby-2.6.3/gems/factory_bot-6.1.0/lib/factory_bot/strategy/create.rb:9:in `result'[0m
      [36m# /home/ec2-user/.rvm/gems/ruby-2.6.3/gems/factory_bot-6.1.0/lib/factory_bot/factory.rb:43:in `run'[0m
      [36m# /home/ec2-user/.rvm/gems/ruby-2.6.3/gems/factory_bot-6.1.0/lib/factory_bot/factory_runner.rb:29:in `block in run'[0m
      [36m# /home/ec2-user/.rvm/gems/ruby-2.6.3/gems/factory_bot-6.1.0/lib/factory_bot/factory_runner.rb:28:in `run'[0m
      [36m# /home/ec2-user/.rvm/gems/ruby-2.6.3/gems/factory_bot-6.1.0/lib/factory_bot/strategy_syntax_method_registrar.rb:28:in `block in define_singular_strategy_method'[0m
      [36m# ./spec/controllers/public/event_members_controller_spec.rb:8:in `block (2 levels) in <top (required)>'[0m

  17) Public::EventMembersController#edit èªè¨¼æ¸ˆã¿ã®ãƒ¦ãƒ¼ã‚¶ãƒ¼ã¨ã—ã¦ æ­£å¸¸ãªãƒ¬ã‚¹ãƒãƒ³ã‚¹ã‹
      [31mFailure/Error: [0m@event_member = [1;34;4mFactoryBot[0m.create([33m:event_member[0m, {[35mmember[0m: @member, [35mevent[0m: @event})[0m
      [31m[0m
      [31mNoMethodError:[0m
      [31m  undefined method `post=' for #<EventMember:0x0000000008c94980>[0m
      [36m# /home/ec2-user/.rvm/gems/ruby-2.6.3/gems/factory_bot-6.1.0/lib/factory_bot/attribute_assigner.rb:16:in `public_send'[0m
      [36m# /home/ec2-user/.rvm/gems/ruby-2.6.3/gems/factory_bot-6.1.0/lib/factory_bot/attribute_assigner.rb:16:in `block (2 levels) in object'[0m
      [36m# /home/ec2-user/.rvm/gems/ruby-2.6.3/gems/factory_bot-6.1.0/lib/factory_bot/attribute_assigner.rb:15:in `each'[0m
      [36m# /home/ec2-user/.rvm/gems/ruby-2.6.3/gems/factory_bot-6.1.0/lib/factory_bot/attribute_assigner.rb:15:in `block in object'[0m
      [36m# /home/ec2-user/.rvm/gems/ruby-2.6.3/gems/factory_bot-6.1.0/lib/factory_bot/attribute_assigner.rb:14:in `tap'[0m
      [36m# /home/ec2-user/.rvm/gems/ruby-2.6.3/gems/factory_bot-6.1.0/lib/factory_bot/attribute_assigner.rb:14:in `object'[0m
      [36m# /home/ec2-user/.rvm/gems/ruby-2.6.3/gems/factory_bot-6.1.0/lib/factory_bot/evaluation.rb:13:in `object'[0m
      [36m# /home/ec2-user/.rvm/gems/ruby-2.6.3/gems/factory_bot-6.1.0/lib/factory_bot/strategy/create.rb:9:in `result'[0m
      [36m# /home/ec2-user/.rvm/gems/ruby-2.6.3/gems/factory_bot-6.1.0/lib/factory_bot/factory.rb:43:in `run'[0m
      [36m# /home/ec2-user/.rvm/gems/ruby-2.6.3/gems/factory_bot-6.1.0/lib/factory_bot/factory_runner.rb:29:in `block in run'[0m
      [36m# /home/ec2-user/.rvm/gems/ruby-2.6.3/gems/factory_bot-6.1.0/lib/factory_bot/factory_runner.rb:28:in `run'[0m
      [36m# /home/ec2-user/.rvm/gems/ruby-2.6.3/gems/factory_bot-6.1.0/lib/factory_bot/strategy_syntax_method_registrar.rb:28:in `block in define_singular_strategy_method'[0m
      [36m# ./spec/controllers/public/event_members_controller_spec.rb:8:in `block (2 levels) in <top (required)>'[0m

  18) Public::EventMembersController#edit èªè¨¼æ¸ˆã¿ã®ãƒ¦ãƒ¼ã‚¶ãƒ¼ã¨ã—ã¦ 200ãƒ¬ã‚¹ãƒãƒ³ã‚¹ãŒè¿”ã£ã¦ãã¦ã„ã‚‹ã‹
      [31mFailure/Error: [0m@event_member = [1;34;4mFactoryBot[0m.create([33m:event_member[0m, {[35mmember[0m: @member, [35mevent[0m: @event})[0m
      [31m[0m
      [31mNoMethodError:[0m
      [31m  undefined method `post=' for #<EventMember:0x0000000008d4fe10>[0m
      [36m# /home/ec2-user/.rvm/gems/ruby-2.6.3/gems/factory_bot-6.1.0/lib/factory_bot/attribute_assigner.rb:16:in `public_send'[0m
      [36m# /home/ec2-user/.rvm/gems/ruby-2.6.3/gems/factory_bot-6.1.0/lib/factory_bot/attribute_assigner.rb:16:in `block (2 levels) in object'[0m
      [36m# /home/ec2-user/.rvm/gems/ruby-2.6.3/gems/factory_bot-6.1.0/lib/factory_bot/attribute_assigner.rb:15:in `each'[0m
      [36m# /home/ec2-user/.rvm/gems/ruby-2.6.3/gems/factory_bot-6.1.0/lib/factory_bot/attribute_assigner.rb:15:in `block in object'[0m
      [36m# /home/ec2-user/.rvm/gems/ruby-2.6.3/gems/factory_bot-6.1.0/lib/factory_bot/attribute_assigner.rb:14:in `tap'[0m
      [36m# /home/ec2-user/.rvm/gems/ruby-2.6.3/gems/factory_bot-6.1.0/lib/factory_bot/attribute_assigner.rb:14:in `object'[0m
      [36m# /home/ec2-user/.rvm/gems/ruby-2.6.3/gems/factory_bot-6.1.0/lib/factory_bot/evaluation.rb:13:in `object'[0m
      [36m# /home/ec2-user/.rvm/gems/ruby-2.6.3/gems/factory_bot-6.1.0/lib/factory_bot/strategy/create.rb:9:in `result'[0m
      [36m# /home/ec2-user/.rvm/gems/ruby-2.6.3/gems/factory_bot-6.1.0/lib/factory_bot/factory.rb:43:in `run'[0m
      [36m# /home/ec2-user/.rvm/gems/ruby-2.6.3/gems/factory_bot-6.1.0/lib/factory_bot/factory_runner.rb:29:in `block in run'[0m
      [36m# /home/ec2-user/.rvm/gems/ruby-2.6.3/gems/factory_bot-6.1.0/lib/factory_bot/factory_runner.rb:28:in `run'[0m
      [36m# /home/ec2-user/.rvm/gems/ruby-2.6.3/gems/factory_bot-6.1.0/lib/factory_bot/strategy_syntax_method_registrar.rb:28:in `block in define_singular_strategy_method'[0m
      [36m# ./spec/controllers/public/event_members_controller_spec.rb:8:in `block (2 levels) in <top (required)>'[0m

  19) Public::EventMembersController#edit æœªç™»éŒ²ãƒ¦ãƒ¼ã‚¶ã¨ã—ã¦ 302ãƒ¬ã‚¹ãƒãƒ³ã‚¹ã‚’è¿”ã™ã‹
      [31mFailure/Error: [0m@event_member = [1;34;4mFactoryBot[0m.create([33m:event_member[0m, {[35mmember[0m: @member, [35mevent[0m: @event})[0m
      [31m[0m
      [31mNoMethodError:[0m
      [31m  undefined method `post=' for #<EventMember:0x0000000008dff018>[0m
      [36m# /home/ec2-user/.rvm/gems/ruby-2.6.3/gems/factory_bot-6.1.0/lib/factory_bot/attribute_assigner.rb:16:in `public_send'[0m
      [36m# /home/ec2-user/.rvm/gems/ruby-2.6.3/gems/factory_bot-6.1.0/lib/factory_bot/attribute_assigner.rb:16:in `block (2 levels) in object'[0m
      [36m# /home/ec2-user/.rvm/gems/ruby-2.6.3/gems/factory_bot-6.1.0/lib/factory_bot/attribute_assigner.rb:15:in `each'[0m
      [36m# /home/ec2-user/.rvm/gems/ruby-2.6.3/gems/factory_bot-6.1.0/lib/factory_bot/attribute_assigner.rb:15:in `block in object'[0m
      [36m# /home/ec2-user/.rvm/gems/ruby-2.6.3/gems/factory_bot-6.1.0/lib/factory_bot/attribute_assigner.rb:14:in `tap'[0m
      [36m# /home/ec2-user/.rvm/gems/ruby-2.6.3/gems/factory_bot-6.1.0/lib/factory_bot/attribute_assigner.rb:14:in `object'[0m
      [36m# /home/ec2-user/.rvm/gems/ruby-2.6.3/gems/factory_bot-6.1.0/lib/factory_bot/evaluation.rb:13:in `object'[0m
      [36m# /home/ec2-user/.rvm/gems/ruby-2.6.3/gems/factory_bot-6.1.0/lib/factory_bot/strategy/create.rb:9:in `result'[0m
      [36m# /home/ec2-user/.rvm/gems/ruby-2.6.3/gems/factory_bot-6.1.0/lib/factory_bot/factory.rb:43:in `run'[0m
      [36m# /home/ec2-user/.rvm/gems/ruby-2.6.3/gems/factory_bot-6.1.0/lib/factory_bot/factory_runner.rb:29:in `block in run'[0m
      [36m# /home/ec2-user/.rvm/gems/ruby-2.6.3/gems/factory_bot-6.1.0/lib/factory_bot/factory_runner.rb:28:in `run'[0m
      [36m# /home/ec2-user/.rvm/gems/ruby-2.6.3/gems/factory_bot-6.1.0/lib/factory_bot/strategy_syntax_method_registrar.rb:28:in `block in define_singular_strategy_method'[0m
      [36m# ./spec/controllers/public/event_members_controller_spec.rb:8:in `block (2 levels) in <top (required)>'[0m

  20) Public::EventMembersController#edit æœªç™»éŒ²ãƒ¦ãƒ¼ã‚¶ã¨ã—ã¦ ã‚µã‚¤ãƒ³ã‚¤ãƒ³ç”»é¢ã«ãƒªãƒ€ã‚¤ãƒ¬ã‚¯ãƒˆã™ã‚‹ã‹
      [31mFailure/Error: [0m@event_member = [1;34;4mFactoryBot[0m.create([33m:event_member[0m, {[35mmember[0m: @member, [35mevent[0m: @event})[0m
      [31m[0m
      [31mNoMethodError:[0m
      [31m  undefined method `post=' for #<EventMember:0x0000000008eadcf8>[0m
      [36m# /home/ec2-user/.rvm/gems/ruby-2.6.3/gems/factory_bot-6.1.0/lib/factory_bot/attribute_assigner.rb:16:in `public_send'[0m
      [36m# /home/ec2-user/.rvm/gems/ruby-2.6.3/gems/factory_bot-6.1.0/lib/factory_bot/attribute_assigner.rb:16:in `block (2 levels) in object'[0m
      [36m# /home/ec2-user/.rvm/gems/ruby-2.6.3/gems/factory_bot-6.1.0/lib/factory_bot/attribute_assigner.rb:15:in `each'[0m
      [36m# /home/ec2-user/.rvm/gems/ruby-2.6.3/gems/factory_bot-6.1.0/lib/factory_bot/attribute_assigner.rb:15:in `block in object'[0m
      [36m# /home/ec2-user/.rvm/gems/ruby-2.6.3/gems/factory_bot-6.1.0/lib/factory_bot/attribute_assigner.rb:14:in `tap'[0m
      [36m# /home/ec2-user/.rvm/gems/ruby-2.6.3/gems/factory_bot-6.1.0/lib/factory_bot/attribute_assigner.rb:14:in `object'[0m
      [36m# /home/ec2-user/.rvm/gems/ruby-2.6.3/gems/factory_bot-6.1.0/lib/factory_bot/evaluation.rb:13:in `object'[0m
      [36m# /home/ec2-user/.rvm/gems/ruby-2.6.3/gems/factory_bot-6.1.0/lib/factory_bot/strategy/create.rb:9:in `result'[0m
      [36m# /home/ec2-user/.rvm/gems/ruby-2.6.3/gems/factory_bot-6.1.0/lib/factory_bot/factory.rb:43:in `run'[0m
      [36m# /home/ec2-user/.rvm/gems/ruby-2.6.3/gems/factory_bot-6.1.0/lib/factory_bot/factory_runner.rb:29:in `block in run'[0m
      [36m# /home/ec2-user/.rvm/gems/ruby-2.6.3/gems/factory_bot-6.1.0/lib/factory_bot/factory_runner.rb:28:in `run'[0m
      [36m# /home/ec2-user/.rvm/gems/ruby-2.6.3/gems/factory_bot-6.1.0/lib/factory_bot/strategy_syntax_method_registrar.rb:28:in `block in define_singular_strategy_method'[0m
      [36m# ./spec/controllers/public/event_members_controller_spec.rb:8:in `block (2 levels) in <top (required)>'[0m

  21) Public::EventMembersController#update èªè¨¼æ¸ˆã¿ã®ãƒ¦ãƒ¼ã‚¶ãƒ¼ã¨ã—ã¦ æ­£å¸¸ã«æ›´æ–°ã§ãã‚‹ã‹
      [31mFailure/Error: [0m@event_member = [1;34;4mFactoryBot[0m.create([33m:event_member[0m, {[35mmember[0m: @member, [35mevent[0m: @event})[0m
      [31m[0m
      [31mNoMethodError:[0m
      [31m  undefined method `post=' for #<EventMember:0x0000000008f73b10>[0m
      [36m# /home/ec2-user/.rvm/gems/ruby-2.6.3/gems/factory_bot-6.1.0/lib/factory_bot/attribute_assigner.rb:16:in `public_send'[0m
      [36m# /home/ec2-user/.rvm/gems/ruby-2.6.3/gems/factory_bot-6.1.0/lib/factory_bot/attribute_assigner.rb:16:in `block (2 levels) in object'[0m
      [36m# /home/ec2-user/.rvm/gems/ruby-2.6.3/gems/factory_bot-6.1.0/lib/factory_bot/attribute_assigner.rb:15:in `each'[0m
      [36m# /home/ec2-user/.rvm/gems/ruby-2.6.3/gems/factory_bot-6.1.0/lib/factory_bot/attribute_assigner.rb:15:in `block in object'[0m
      [36m# /home/ec2-user/.rvm/gems/ruby-2.6.3/gems/factory_bot-6.1.0/lib/factory_bot/attribute_assigner.rb:14:in `tap'[0m
      [36m# /home/ec2-user/.rvm/gems/ruby-2.6.3/gems/factory_bot-6.1.0/lib/factory_bot/attribute_assigner.rb:14:in `object'[0m
      [36m# /home/ec2-user/.rvm/gems/ruby-2.6.3/gems/factory_bot-6.1.0/lib/factory_bot/evaluation.rb:13:in `object'[0m
      [36m# /home/ec2-user/.rvm/gems/ruby-2.6.3/gems/factory_bot-6.1.0/lib/factory_bot/strategy/create.rb:9:in `result'[0m
      [36m# /home/ec2-user/.rvm/gems/ruby-2.6.3/gems/factory_bot-6.1.0/lib/factory_bot/factory.rb:43:in `run'[0m
      [36m# /home/ec2-user/.rvm/gems/ruby-2.6.3/gems/factory_bot-6.1.0/lib/factory_bot/factory_runner.rb:29:in `block in run'[0m
      [36m# /home/ec2-user/.rvm/gems/ruby-2.6.3/gems/factory_bot-6.1.0/lib/factory_bot/factory_runner.rb:28:in `run'[0m
      [36m# /home/ec2-user/.rvm/gems/ruby-2.6.3/gems/factory_bot-6.1.0/lib/factory_bot/strategy_syntax_method_registrar.rb:28:in `block in define_singular_strategy_method'[0m
      [36m# ./spec/controllers/public/event_members_controller_spec.rb:8:in `block (2 levels) in <top (required)>'[0m

  22) Public::EventMembersController#update èªè¨¼æ¸ˆã¿ã®ãƒ¦ãƒ¼ã‚¶ãƒ¼ã¨ã—ã¦ æ›´æ–°å¾Œã«ãƒã‚¤ã‚¤ãƒ™ãƒ³ãƒˆã«ãƒªãƒ€ã‚¤ãƒ¬ã‚¯ãƒˆã•ã‚Œã¦ã„ã‚‹ã‹
      [31mFailure/Error: [0m@event_member = [1;34;4mFactoryBot[0m.create([33m:event_member[0m, {[35mmember[0m: @member, [35mevent[0m: @event})[0m
      [31m[0m
      [31mNoMethodError:[0m
      [31m  undefined method `post=' for #<EventMember:0x000000000901a7a8>[0m
      [36m# /home/ec2-user/.rvm/gems/ruby-2.6.3/gems/factory_bot-6.1.0/lib/factory_bot/attribute_assigner.rb:16:in `public_send'[0m
      [36m# /home/ec2-user/.rvm/gems/ruby-2.6.3/gems/factory_bot-6.1.0/lib/factory_bot/attribute_assigner.rb:16:in `block (2 levels) in object'[0m
      [36m# /home/ec2-user/.rvm/gems/ruby-2.6.3/gems/factory_bot-6.1.0/lib/factory_bot/attribute_assigner.rb:15:in `each'[0m
      [36m# /home/ec2-user/.rvm/gems/ruby-2.6.3/gems/factory_bot-6.1.0/lib/factory_bot/attribute_assigner.rb:15:in `block in object'[0m
      [36m# /home/ec2-user/.rvm/gems/ruby-2.6.3/gems/factory_bot-6.1.0/lib/factory_bot/attribute_assigner.rb:14:in `tap'[0m
      [36m# /home/ec2-user/.rvm/gems/ruby-2.6.3/gems/factory_bot-6.1.0/lib/factory_bot/attribute_assigner.rb:14:in `object'[0m
      [36m# /home/ec2-user/.rvm/gems/ruby-2.6.3/gems/factory_bot-6.1.0/lib/factory_bot/evaluation.rb:13:in `object'[0m
      [36m# /home/ec2-user/.rvm/gems/ruby-2.6.3/gems/factory_bot-6.1.0/lib/factory_bot/strategy/create.rb:9:in `result'[0m
      [36m# /home/ec2-user/.rvm/gems/ruby-2.6.3/gems/factory_bot-6.1.0/lib/factory_bot/factory.rb:43:in `run'[0m
      [36m# /home/ec2-user/.rvm/gems/ruby-2.6.3/gems/factory_bot-6.1.0/lib/factory_bot/factory_runner.rb:29:in `block in run'[0m
      [36m# /home/ec2-user/.rvm/gems/ruby-2.6.3/gems/factory_bot-6.1.0/lib/factory_bot/factory_runner.rb:28:in `run'[0m
      [36m# /home/ec2-user/.rvm/gems/ruby-2.6.3/gems/factory_bot-6.1.0/lib/factory_bot/strategy_syntax_method_registrar.rb:28:in `block in define_singular_strategy_method'[0m
      [36m# ./spec/controllers/public/event_members_controller_spec.rb:8:in `block (2 levels) in <top (required)>'[0m

  23) Public::EventMembersController#update èªè¨¼æ¸ˆã¿ã®ãƒ¦ãƒ¼ã‚¶ãƒ¼ã¨ã—ã¦ ãƒ•ã‚©ãƒ¼ãƒ ãŒç©ºç™½ã®æ™‚ã«æ›´æ–°ã§ããªããªã£ã¦ã„ã‚‹ã‹
      [31mFailure/Error: [0m@event_member = [1;34;4mFactoryBot[0m.create([33m:event_member[0m, {[35mmember[0m: @member, [35mevent[0m: @event})[0m
      [31m[0m
      [31mNoMethodError:[0m
      [31m  undefined method `post=' for #<EventMember:0x00000000090cd830>[0m
      [36m# /home/ec2-user/.rvm/gems/ruby-2.6.3/gems/factory_bot-6.1.0/lib/factory_bot/attribute_assigner.rb:16:in `public_send'[0m
      [36m# /home/ec2-user/.rvm/gems/ruby-2.6.3/gems/factory_bot-6.1.0/lib/factory_bot/attribute_assigner.rb:16:in `block (2 levels) in object'[0m
      [36m# /home/ec2-user/.rvm/gems/ruby-2.6.3/gems/factory_bot-6.1.0/lib/factory_bot/attribute_assigner.rb:15:in `each'[0m
      [36m# /home/ec2-user/.rvm/gems/ruby-2.6.3/gems/factory_bot-6.1.0/lib/factory_bot/attribute_assigner.rb:15:in `block in object'[0m
      [36m# /home/ec2-user/.rvm/gems/ruby-2.6.3/gems/factory_bot-6.1.0/lib/factory_bot/attribute_assigner.rb:14:in `tap'[0m
      [36m# /home/ec2-user/.rvm/gems/ruby-2.6.3/gems/factory_bot-6.1.0/lib/factory_bot/attribute_assigner.rb:14:in `object'[0m
      [36m# /home/ec2-user/.rvm/gems/ruby-2.6.3/gems/factory_bot-6.1.0/lib/factory_bot/evaluation.rb:13:in `object'[0m
      [36m# /home/ec2-user/.rvm/gems/ruby-2.6.3/gems/factory_bot-6.1.0/lib/factory_bot/strategy/create.rb:9:in `result'[0m
      [36m# /home/ec2-user/.rvm/gems/ruby-2.6.3/gems/factory_bot-6.1.0/lib/factory_bot/factory.rb:43:in `run'[0m
      [36m# /home/ec2-user/.rvm/gems/ruby-2.6.3/gems/factory_bot-6.1.0/lib/factory_bot/factory_runner.rb:29:in `block in run'[0m
      [36m# /home/ec2-user/.rvm/gems/ruby-2.6.3/gems/factory_bot-6.1.0/lib/factory_bot/factory_runner.rb:28:in `run'[0m
      [36m# /home/ec2-user/.rvm/gems/ruby-2.6.3/gems/factory_bot-6.1.0/lib/factory_bot/strategy_syntax_method_registrar.rb:28:in `block in define_singular_strategy_method'[0m
      [36m# ./spec/controllers/public/event_members_controller_spec.rb:8:in `block (2 levels) in <top (required)>'[0m

  24) Public::EventMembersController#update èªè¨¼æ¸ˆã¿ã®ãƒ¦ãƒ¼ã‚¶ãƒ¼ã¨ã—ã¦ ãƒ•ã‚©ãƒ¼ãƒ ãŒç©ºç™½ã®æ™‚ã«æ›´æ–°ã§ããšã€å†åº¦ç·¨é›†ãƒšãƒ¼ã‚¸ã«ãƒªãƒ€ã‚¤ãƒ¬ã‚¯ãƒˆã•ã‚Œã‚‹ã‹
      [31mFailure/Error: [0m@event_member = [1;34;4mFactoryBot[0m.create([33m:event_member[0m, {[35mmember[0m: @member, [35mevent[0m: @event})[0m
      [31m[0m
      [31mNoMethodError:[0m
      [31m  undefined method `post=' for #<EventMember:0x0000000009176430>[0m
      [36m# /home/ec2-user/.rvm/gems/ruby-2.6.3/gems/factory_bot-6.1.0/lib/factory_bot/attribute_assigner.rb:16:in `public_send'[0m
      [36m# /home/ec2-user/.rvm/gems/ruby-2.6.3/gems/factory_bot-6.1.0/lib/factory_bot/attribute_assigner.rb:16:in `block (2 levels) in object'[0m
      [36m# /home/ec2-user/.rvm/gems/ruby-2.6.3/gems/factory_bot-6.1.0/lib/factory_bot/attribute_assigner.rb:15:in `each'[0m
      [36m# /home/ec2-user/.rvm/gems/ruby-2.6.3/gems/factory_bot-6.1.0/lib/factory_bot/attribute_assigner.rb:15:in `block in object'[0m
      [36m# /home/ec2-user/.rvm/gems/ruby-2.6.3/gems/factory_bot-6.1.0/lib/factory_bot/attribute_assigner.rb:14:in `tap'[0m
      [36m# /home/ec2-user/.rvm/gems/ruby-2.6.3/gems/factory_bot-6.1.0/lib/factory_bot/attribute_assigner.rb:14:in `object'[0m
      [36m# /home/ec2-user/.rvm/gems/ruby-2.6.3/gems/factory_bot-6.1.0/lib/factory_bot/evaluation.rb:13:in `object'[0m
      [36m# /home/ec2-user/.rvm/gems/ruby-2.6.3/gems/factory_bot-6.1.0/lib/factory_bot/strategy/create.rb:9:in `result'[0m
      [36m# /home/ec2-user/.rvm/gems/ruby-2.6.3/gems/factory_bot-6.1.0/lib/factory_bot/factory.rb:43:in `run'[0m
      [36m# /home/ec2-user/.rvm/gems/ruby-2.6.3/gems/factory_bot-6.1.0/lib/factory_bot/factory_runner.rb:29:in `block in run'[0m
      [36m# /home/ec2-user/.rvm/gems/ruby-2.6.3/gems/factory_bot-6.1.0/lib/factory_bot/factory_runner.rb:28:in `run'[0m
      [36m# /home/ec2-user/.rvm/gems/ruby-2.6.3/gems/factory_bot-6.1.0/lib/factory_bot/strategy_syntax_method_registrar.rb:28:in `block in define_singular_strategy_method'[0m
      [36m# ./spec/controllers/public/event_members_controller_spec.rb:8:in `block (2 levels) in <top (required)>'[0m

  25) Public::EventMembersController#update æœªç™»éŒ²ãƒ¦ãƒ¼ã‚¶ã¨ã—ã¦ 302ãƒ¬ã‚¹ãƒãƒ³ã‚¹ã‚’è¿”ã™ã‹
      [31mFailure/Error: [0m@event_member = [1;34;4mFactoryBot[0m.create([33m:event_member[0m, {[35mmember[0m: @member, [35mevent[0m: @event})[0m
      [31m[0m
      [31mNoMethodError:[0m
      [31m  undefined method `post=' for #<EventMember:0x0000000009236258>[0m
      [36m# /home/ec2-user/.rvm/gems/ruby-2.6.3/gems/factory_bot-6.1.0/lib/factory_bot/attribute_assigner.rb:16:in `public_send'[0m
      [36m# /home/ec2-user/.rvm/gems/ruby-2.6.3/gems/factory_bot-6.1.0/lib/factory_bot/attribute_assigner.rb:16:in `block (2 levels) in object'[0m
      [36m# /home/ec2-user/.rvm/gems/ruby-2.6.3/gems/factory_bot-6.1.0/lib/factory_bot/attribute_assigner.rb:15:in `each'[0m
      [36m# /home/ec2-user/.rvm/gems/ruby-2.6.3/gems/factory_bot-6.1.0/lib/factory_bot/attribute_assigner.rb:15:in `block in object'[0m
      [36m# /home/ec2-user/.rvm/gems/ruby-2.6.3/gems/factory_bot-6.1.0/lib/factory_bot/attribute_assigner.rb:14:in `tap'[0m
      [36m# /home/ec2-user/.rvm/gems/ruby-2.6.3/gems/factory_bot-6.1.0/lib/factory_bot/attribute_assigner.rb:14:in `object'[0m
      [36m# /home/ec2-user/.rvm/gems/ruby-2.6.3/gems/factory_bot-6.1.0/lib/factory_bot/evaluation.rb:13:in `object'[0m
      [36m# /home/ec2-user/.rvm/gems/ruby-2.6.3/gems/factory_bot-6.1.0/lib/factory_bot/strategy/create.rb:9:in `result'[0m
      [36m# /home/ec2-user/.rvm/gems/ruby-2.6.3/gems/factory_bot-6.1.0/lib/factory_bot/factory.rb:43:in `run'[0m
      [36m# /home/ec2-user/.rvm/gems/ruby-2.6.3/gems/factory_bot-6.1.0/lib/factory_bot/factory_runner.rb:29:in `block in run'[0m
      [36m# /home/ec2-user/.rvm/gems/ruby-2.6.3/gems/factory_bot-6.1.0/lib/factory_bot/factory_runner.rb:28:in `run'[0m
      [36m# /home/ec2-user/.rvm/gems/ruby-2.6.3/gems/factory_bot-6.1.0/lib/factory_bot/strategy_syntax_method_registrar.rb:28:in `block in define_singular_strategy_method'[0m
      [36m# ./spec/controllers/public/event_members_controller_spec.rb:8:in `block (2 levels) in <top (required)>'[0m

  26) Public::EventMembersController#update æœªç™»éŒ²ãƒ¦ãƒ¼ã‚¶ã¨ã—ã¦ ã‚µã‚¤ãƒ³ã‚¤ãƒ³ç”»é¢ã«ãƒªãƒ€ã‚¤ãƒ¬ã‚¯ãƒˆã™ã‚‹ã‹
      [31mFailure/Error: [0m@event_member = [1;34;4mFactoryBot[0m.create([33m:event_member[0m, {[35mmember[0m: @member, [35mevent[0m: @event})[0m
      [31m[0m
      [31mNoMethodError:[0m
      [31m  undefined method `post=' for #<EventMember:0x0000000003228dc0>[0m
      [36m# /home/ec2-user/.rvm/gems/ruby-2.6.3/gems/factory_bot-6.1.0/lib/factory_bot/attribute_assigner.rb:16:in `public_send'[0m
      [36m# /home/ec2-user/.rvm/gems/ruby-2.6.3/gems/factory_bot-6.1.0/lib/factory_bot/attribute_assigner.rb:16:in `block (2 levels) in object'[0m
      [36m# /home/ec2-user/.rvm/gems/ruby-2.6.3/gems/factory_bot-6.1.0/lib/factory_bot/attribute_assigner.rb:15:in `each'[0m
      [36m# /home/ec2-user/.rvm/gems/ruby-2.6.3/gems/factory_bot-6.1.0/lib/factory_bot/attribute_assigner.rb:15:in `block in object'[0m
      [36m# /home/ec2-user/.rvm/gems/ruby-2.6.3/gems/factory_bot-6.1.0/lib/factory_bot/attribute_assigner.rb:14:in `tap'[0m
      [36m# /home/ec2-user/.rvm/gems/ruby-2.6.3/gems/factory_bot-6.1.0/lib/factory_bot/attribute_assigner.rb:14:in `object'[0m
      [36m# /home/ec2-user/.rvm/gems/ruby-2.6.3/gems/factory_bot-6.1.0/lib/factory_bot/evaluation.rb:13:in `object'[0m
      [36m# /home/ec2-user/.rvm/gems/ruby-2.6.3/gems/factory_bot-6.1.0/lib/factory_bot/strategy/create.rb:9:in `result'[0m
      [36m# /home/ec2-user/.rvm/gems/ruby-2.6.3/gems/factory_bot-6.1.0/lib/factory_bot/factory.rb:43:in `run'[0m
      [36m# /home/ec2-user/.rvm/gems/ruby-2.6.3/gems/factory_bot-6.1.0/lib/factory_bot/factory_runner.rb:29:in `block in run'[0m
      [36m# /home/ec2-user/.rvm/gems/ruby-2.6.3/gems/factory_bot-6.1.0/lib/factory_bot/factory_runner.rb:28:in `run'[0m
      [36m# /home/ec2-user/.rvm/gems/ruby-2.6.3/gems/factory_bot-6.1.0/lib/factory_bot/strategy_syntax_method_registrar.rb:28:in `block in define_singular_strategy_method'[0m
      [36m# ./spec/controllers/public/event_members_controller_spec.rb:8:in `block (2 levels) in <top (required)>'[0m

  27) Public::EventMembersController#destroy èªè¨¼æ¸ˆã¿ã®ãƒ¦ãƒ¼ã‚¶ãƒ¼ã¨ã—ã¦ æ­£å¸¸ã«æŠ•ç¨¿ã‚’å‰Šé™¤ã§ãã‚‹ã‹
      [31mFailure/Error: [0m@event_member = [1;34;4mFactoryBot[0m.create([33m:event_member[0m, {[35mmember[0m: @member, [35mevent[0m: @event})[0m
      [31m[0m
      [31mNoMethodError:[0m
      [31m  undefined method `post=' for #<EventMember:0x0000000005b133e8>[0m
      [36m# /home/ec2-user/.rvm/gems/ruby-2.6.3/gems/factory_bot-6.1.0/lib/factory_bot/attribute_assigner.rb:16:in `public_send'[0m
      [36m# /home/ec2-user/.rvm/gems/ruby-2.6.3/gems/factory_bot-6.1.0/lib/factory_bot/attribute_assigner.rb:16:in `block (2 levels) in object'[0m
      [36m# /home/ec2-user/.rvm/gems/ruby-2.6.3/gems/factory_bot-6.1.0/lib/factory_bot/attribute_assigner.rb:15:in `each'[0m
      [36m# /home/ec2-user/.rvm/gems/ruby-2.6.3/gems/factory_bot-6.1.0/lib/factory_bot/attribute_assigner.rb:15:in `block in object'[0m
      [36m# /home/ec2-user/.rvm/gems/ruby-2.6.3/gems/factory_bot-6.1.0/lib/factory_bot/attribute_assigner.rb:14:in `tap'[0m
      [36m# /home/ec2-user/.rvm/gems/ruby-2.6.3/gems/factory_bot-6.1.0/lib/factory_bot/attribute_assigner.rb:14:in `object'[0m
      [36m# /home/ec2-user/.rvm/gems/ruby-2.6.3/gems/factory_bot-6.1.0/lib/factory_bot/evaluation.rb:13:in `object'[0m
      [36m# /home/ec2-user/.rvm/gems/ruby-2.6.3/gems/factory_bot-6.1.0/lib/factory_bot/strategy/create.rb:9:in `result'[0m
      [36m# /home/ec2-user/.rvm/gems/ruby-2.6.3/gems/factory_bot-6.1.0/lib/factory_bot/factory.rb:43:in `run'[0m
      [36m# /home/ec2-user/.rvm/gems/ruby-2.6.3/gems/factory_bot-6.1.0/lib/factory_bot/factory_runner.rb:29:in `block in run'[0m
      [36m# /home/ec2-user/.rvm/gems/ruby-2.6.3/gems/factory_bot-6.1.0/lib/factory_bot/factory_runner.rb:28:in `run'[0m
      [36m# /home/ec2-user/.rvm/gems/ruby-2.6.3/gems/factory_bot-6.1.0/lib/factory_bot/strategy_syntax_method_registrar.rb:28:in `block in define_singular_strategy_method'[0m
      [36m# ./spec/controllers/public/event_members_controller_spec.rb:8:in `block (2 levels) in <top (required)>'[0m

  28) Public::EventMembersController#destroy èªè¨¼æ¸ˆã¿ã®ãƒ¦ãƒ¼ã‚¶ãƒ¼ã¨ã—ã¦ å‰Šé™¤å¾Œã«ç¾åœ¨ã®ãƒšãƒ¼ã‚¸ã«ãƒªãƒ€ã‚¤ãƒ¬ã‚¯ãƒˆã•ã‚Œã¦ã„ã‚‹ã‹
      [31mFailure/Error: [0m@event_member = [1;34;4mFactoryBot[0m.create([33m:event_member[0m, {[35mmember[0m: @member, [35mevent[0m: @event})[0m
      [31m[0m
      [31mNoMethodError:[0m
      [31m  undefined method `post=' for #<EventMember:0x00000000063723b8>[0m
      [36m# /home/ec2-user/.rvm/gems/ruby-2.6.3/gems/factory_bot-6.1.0/lib/factory_bot/attribute_assigner.rb:16:in `public_send'[0m
      [36m# /home/ec2-user/.rvm/gems/ruby-2.6.3/gems/factory_bot-6.1.0/lib/factory_bot/attribute_assigner.rb:16:in `block (2 levels) in object'[0m
      [36m# /home/ec2-user/.rvm/gems/ruby-2.6.3/gems/factory_bot-6.1.0/lib/factory_bot/attribute_assigner.rb:15:in `each'[0m
      [36m# /home/ec2-user/.rvm/gems/ruby-2.6.3/gems/factory_bot-6.1.0/lib/factory_bot/attribute_assigner.rb:15:in `block in object'[0m
      [36m# /home/ec2-user/.rvm/gems/ruby-2.6.3/gems/factory_bot-6.1.0/lib/factory_bot/attribute_assigner.rb:14:in `tap'[0m
      [36m# /home/ec2-user/.rvm/gems/ruby-2.6.3/gems/factory_bot-6.1.0/lib/factory_bot/attribute_assigner.rb:14:in `object'[0m
      [36m# /home/ec2-user/.rvm/gems/ruby-2.6.3/gems/factory_bot-6.1.0/lib/factory_bot/evaluation.rb:13:in `object'[0m
      [36m# /home/ec2-user/.rvm/gems/ruby-2.6.3/gems/factory_bot-6.1.0/lib/factory_bot/strategy/create.rb:9:in `result'[0m
      [36m# /home/ec2-user/.rvm/gems/ruby-2.6.3/gems/factory_bot-6.1.0/lib/factory_bot/factory.rb:43:in `run'[0m
      [36m# /home/ec2-user/.rvm/gems/ruby-2.6.3/gems/factory_bot-6.1.0/lib/factory_bot/factory_runner.rb:29:in `block in run'[0m
      [36m# /home/ec2-user/.rvm/gems/ruby-2.6.3/gems/factory_bot-6.1.0/lib/factory_bot/factory_runner.rb:28:in `run'[0m
      [36m# /home/ec2-user/.rvm/gems/ruby-2.6.3/gems/factory_bot-6.1.0/lib/factory_bot/strategy_syntax_method_registrar.rb:28:in `block in define_singular_strategy_method'[0m
      [36m# ./spec/controllers/public/event_members_controller_spec.rb:8:in `block (2 levels) in <top (required)>'[0m

  29) Public::EventMembersController#destroy æœªç™»éŒ²ãƒ¦ãƒ¼ã‚¶ã¨ã—ã¦ 302ãƒ¬ã‚¹ãƒãƒ³ã‚¹ã‚’è¿”ã™ã‹
      [31mFailure/Error: [0m@event_member = [1;34;4mFactoryBot[0m.create([33m:event_member[0m, {[35mmember[0m: @member, [35mevent[0m: @event})[0m
      [31m[0m
      [31mNoMethodError:[0m
      [31m  undefined method `post=' for #<EventMember:0x00000000068424b0>[0m
      [36m# /home/ec2-user/.rvm/gems/ruby-2.6.3/gems/factory_bot-6.1.0/lib/factory_bot/attribute_assigner.rb:16:in `public_send'[0m
      [36m# /home/ec2-user/.rvm/gems/ruby-2.6.3/gems/factory_bot-6.1.0/lib/factory_bot/attribute_assigner.rb:16:in `block (2 levels) in object'[0m
      [36m# /home/ec2-user/.rvm/gems/ruby-2.6.3/gems/factory_bot-6.1.0/lib/factory_bot/attribute_assigner.rb:15:in `each'[0m
      [36m# /home/ec2-user/.rvm/gems/ruby-2.6.3/gems/factory_bot-6.1.0/lib/factory_bot/attribute_assigner.rb:15:in `block in object'[0m
      [36m# /home/ec2-user/.rvm/gems/ruby-2.6.3/gems/factory_bot-6.1.0/lib/factory_bot/attribute_assigner.rb:14:in `tap'[0m
      [36m# /home/ec2-user/.rvm/gems/ruby-2.6.3/gems/factory_bot-6.1.0/lib/factory_bot/attribute_assigner.rb:14:in `object'[0m
      [36m# /home/ec2-user/.rvm/gems/ruby-2.6.3/gems/factory_bot-6.1.0/lib/factory_bot/evaluation.rb:13:in `object'[0m
      [36m# /home/ec2-user/.rvm/gems/ruby-2.6.3/gems/factory_bot-6.1.0/lib/factory_bot/strategy/create.rb:9:in `result'[0m
      [36m# /home/ec2-user/.rvm/gems/ruby-2.6.3/gems/factory_bot-6.1.0/lib/factory_bot/factory.rb:43:in `run'[0m
      [36m# /home/ec2-user/.rvm/gems/ruby-2.6.3/gems/factory_bot-6.1.0/lib/factory_bot/factory_runner.rb:29:in `block in run'[0m
      [36m# /home/ec2-user/.rvm/gems/ruby-2.6.3/gems/factory_bot-6.1.0/lib/factory_bot/factory_runner.rb:28:in `run'[0m
      [36m# /home/ec2-user/.rvm/gems/ruby-2.6.3/gems/factory_bot-6.1.0/lib/factory_bot/strategy_syntax_method_registrar.rb:28:in `block in define_singular_strategy_method'[0m
      [36m# ./spec/controllers/public/event_members_controller_spec.rb:8:in `block (2 levels) in <top (required)>'[0m

  30) Public::EventMembersController#destroy æœªç™»éŒ²ãƒ¦ãƒ¼ã‚¶ã¨ã—ã¦ ã‚µã‚¤ãƒ³ã‚¤ãƒ³ç”»é¢ã«ãƒªãƒ€ã‚¤ãƒ¬ã‚¯ãƒˆã™ã‚‹ã‹
      [31mFailure/Error: [0m@event_member = [1;34;4mFactoryBot[0m.create([33m:event_member[0m, {[35mmember[0m: @member, [35mevent[0m: @event})[0m
      [31m[0m
      [31mNoMethodError:[0m
      [31m  undefined method `post=' for #<EventMember:0x0000000006e922e8>[0m
      [36m# /home/ec2-user/.rvm/gems/ruby-2.6.3/gems/factory_bot-6.1.0/lib/factory_bot/attribute_assigner.rb:16:in `public_send'[0m
      [36m# /home/ec2-user/.rvm/gems/ruby-2.6.3/gems/factory_bot-6.1.0/lib/factory_bot/attribute_assigner.rb:16:in `block (2 levels) in object'[0m
      [36m# /home/ec2-user/.rvm/gems/ruby-2.6.3/gems/factory_bot-6.1.0/lib/factory_bot/attribute_assigner.rb:15:in `each'[0m
      [36m# /home/ec2-user/.rvm/gems/ruby-2.6.3/gems/factory_bot-6.1.0/lib/factory_bot/attribute_assigner.rb:15:in `block in object'[0m
      [36m# /home/ec2-user/.rvm/gems/ruby-2.6.3/gems/factory_bot-6.1.0/lib/factory_bot/attribute_assigner.rb:14:in `tap'[0m
      [36m# /home/ec2-user/.rvm/gems/ruby-2.6.3/gems/factory_bot-6.1.0/lib/factory_bot/attribute_assigner.rb:14:in `object'[0m
      [36m# /home/ec2-user/.rvm/gems/ruby-2.6.3/gems/factory_bot-6.1.0/lib/factory_bot/evaluation.rb:13:in `object'[0m
      [36m# /home/ec2-user/.rvm/gems/ruby-2.6.3/gems/factory_bot-6.1.0/lib/factory_bot/strategy/create.rb:9:in `result'[0m
      [36m# /home/ec2-user/.rvm/gems/ruby-2.6.3/gems/factory_bot-6.1.0/lib/factory_bot/factory.rb:43:in `run'[0m
      [36m# /home/ec2-user/.rvm/gems/ruby-2.6.3/gems/factory_bot-6.1.0/lib/factory_bot/factory_runner.rb:29:in `block in run'[0m
      [36m# /home/ec2-user/.rvm/gems/ruby-2.6.3/gems/factory_bot-6.1.0/lib/factory_bot/factory_runner.rb:28:in `run'[0m
      [36m# /home/ec2-user/.rvm/gems/ruby-2.6.3/gems/factory_bot-6.1.0/lib/factory_bot/strategy_syntax_method_registrar.rb:28:in `block in define_singular_strategy_method'[0m
      [36m# ./spec/controllers/public/event_members_controller_spec.rb:8:in `block (2 levels) in <top (required)>'[0m

  31) Public::EventMembersController#myevent èªè¨¼æ¸ˆã¿ã®ãƒ¦ãƒ¼ã‚¶ãƒ¼ã¨ã—ã¦ æ­£å¸¸ãªãƒ¬ã‚¹ãƒãƒ³ã‚¹ã‹
      [31mFailure/Error: [0m@event_member = [1;34;4mFactoryBot[0m.create([33m:event_member[0m, {[35mmember[0m: @member, [35mevent[0m: @event})[0m
      [31m[0m
      [31mNoMethodError:[0m
      [31m  undefined method `post=' for #<EventMember:0x0000000007d825a0>[0m
      [36m# /home/ec2-user/.rvm/gems/ruby-2.6.3/gems/factory_bot-6.1.0/lib/factory_bot/attribute_assigner.rb:16:in `public_send'[0m
      [36m# /home/ec2-user/.rvm/gems/ruby-2.6.3/gems/factory_bot-6.1.0/lib/factory_bot/attribute_assigner.rb:16:in `block (2 levels) in object'[0m
      [36m# /home/ec2-user/.rvm/gems/ruby-2.6.3/gems/factory_bot-6.1.0/lib/factory_bot/attribute_assigner.rb:15:in `each'[0m
      [36m# /home/ec2-user/.rvm/gems/ruby-2.6.3/gems/factory_bot-6.1.0/lib/factory_bot/attribute_assigner.rb:15:in `block in object'[0m
      [36m# /home/ec2-user/.rvm/gems/ruby-2.6.3/gems/factory_bot-6.1.0/lib/factory_bot/attribute_assigner.rb:14:in `tap'[0m
      [36m# /home/ec2-user/.rvm/gems/ruby-2.6.3/gems/factory_bot-6.1.0/lib/factory_bot/attribute_assigner.rb:14:in `object'[0m
      [36m# /home/ec2-user/.rvm/gems/ruby-2.6.3/gems/factory_bot-6.1.0/lib/factory_bot/evaluation.rb:13:in `object'[0m
      [36m# /home/ec2-user/.rvm/gems/ruby-2.6.3/gems/factory_bot-6.1.0/lib/factory_bot/strategy/create.rb:9:in `result'[0m
      [36m# /home/ec2-user/.rvm/gems/ruby-2.6.3/gems/factory_bot-6.1.0/lib/factory_bot/factory.rb:43:in `run'[0m
      [36m# /home/ec2-user/.rvm/gems/ruby-2.6.3/gems/factory_bot-6.1.0/lib/factory_bot/factory_runner.rb:29:in `block in run'[0m
      [36m# /home/ec2-user/.rvm/gems/ruby-2.6.3/gems/factory_bot-6.1.0/lib/factory_bot/factory_runner.rb:28:in `run'[0m
      [36m# /home/ec2-user/.rvm/gems/ruby-2.6.3/gems/factory_bot-6.1.0/lib/factory_bot/strategy_syntax_method_registrar.rb:28:in `block in define_singular_strategy_method'[0m
      [36m# ./spec/controllers/public/event_members_controller_spec.rb:8:in `block (2 levels) in <top (required)>'[0m

  32) Public::EventMembersController#myevent èªè¨¼æ¸ˆã¿ã®ãƒ¦ãƒ¼ã‚¶ãƒ¼ã¨ã—ã¦ 200ãƒ¬ã‚¹ãƒãƒ³ã‚¹ãŒè¿”ã£ã¦ãã¦ã„ã‚‹ã‹
      [31mFailure/Error: [0m@event_member = [1;34;4mFactoryBot[0m.create([33m:event_member[0m, {[35mmember[0m: @member, [35mevent[0m: @event})[0m
      [31m[0m
      [31mNoMethodError:[0m
      [31m  undefined method `post=' for #<EventMember:0x00000000080eb688>[0m
      [36m# /home/ec2-user/.rvm/gems/ruby-2.6.3/gems/factory_bot-6.1.0/lib/factory_bot/attribute_assigner.rb:16:in `public_send'[0m
      [36m# /home/ec2-user/.rvm/gems/ruby-2.6.3/gems/factory_bot-6.1.0/lib/factory_bot/attribute_assigner.rb:16:in `block (2 levels) in object'[0m
      [36m# /home/ec2-user/.rvm/gems/ruby-2.6.3/gems/factory_bot-6.1.0/lib/factory_bot/attribute_assigner.rb:15:in `each'[0m
      [36m# /home/ec2-user/.rvm/gems/ruby-2.6.3/gems/factory_bot-6.1.0/lib/factory_bot/attribute_assigner.rb:15:in `block in object'[0m
      [36m# /home/ec2-user/.rvm/gems/ruby-2.6.3/gems/factory_bot-6.1.0/lib/factory_bot/attribute_assigner.rb:14:in `tap'[0m
      [36m# /home/ec2-user/.rvm/gems/ruby-2.6.3/gems/factory_bot-6.1.0/lib/factory_bot/attribute_assigner.rb:14:in `object'[0m
      [36m# /home/ec2-user/.rvm/gems/ruby-2.6.3/gems/factory_bot-6.1.0/lib/factory_bot/evaluation.rb:13:in `object'[0m
      [36m# /home/ec2-user/.rvm/gems/ruby-2.6.3/gems/factory_bot-6.1.0/lib/factory_bot/strategy/create.rb:9:in `result'[0m
      [36m# /home/ec2-user/.rvm/gems/ruby-2.6.3/gems/factory_bot-6.1.0/lib/factory_bot/factory.rb:43:in `run'[0m
      [36m# /home/ec2-user/.rvm/gems/ruby-2.6.3/gems/factory_bot-6.1.0/lib/factory_bot/factory_runner.rb:29:in `block in run'[0m
      [36m# /home/ec2-user/.rvm/gems/ruby-2.6.3/gems/factory_bot-6.1.0/lib/factory_bot/factory_runner.rb:28:in `run'[0m
      [36m# /home/ec2-user/.rvm/gems/ruby-2.6.3/gems/factory_bot-6.1.0/lib/factory_bot/strategy_syntax_method_registrar.rb:28:in `block in define_singular_strategy_method'[0m
      [36m# ./spec/controllers/public/event_members_controller_spec.rb:8:in `block (2 levels) in <top (required)>'[0m

  33) Public::EventMembersController#myevent æœªç™»éŒ²ãƒ¦ãƒ¼ã‚¶ã¨ã—ã¦ 302ãƒ¬ã‚¹ãƒãƒ³ã‚¹ã‚’è¿”ã™ã‹
      [31mFailure/Error: [0m@event_member = [1;34;4mFactoryBot[0m.create([33m:event_member[0m, {[35mmember[0m: @member, [35mevent[0m: @event})[0m
      [31m[0m
      [31mNoMethodError:[0m
      [31m  undefined method `post=' for #<EventMember:0x0000000008232780>[0m
      [36m# /home/ec2-user/.rvm/gems/ruby-2.6.3/gems/factory_bot-6.1.0/lib/factory_bot/attribute_assigner.rb:16:in `public_send'[0m
      [36m# /home/ec2-user/.rvm/gems/ruby-2.6.3/gems/factory_bot-6.1.0/lib/factory_bot/attribute_assigner.rb:16:in `block (2 levels) in object'[0m
      [36m# /home/ec2-user/.rvm/gems/ruby-2.6.3/gems/factory_bot-6.1.0/lib/factory_bot/attribute_assigner.rb:15:in `each'[0m
      [36m# /home/ec2-user/.rvm/gems/ruby-2.6.3/gems/factory_bot-6.1.0/lib/factory_bot/attribute_assigner.rb:15:in `block in object'[0m
      [36m# /home/ec2-user/.rvm/gems/ruby-2.6.3/gems/factory_bot-6.1.0/lib/factory_bot/attribute_assigner.rb:14:in `tap'[0m
      [36m# /home/ec2-user/.rvm/gems/ruby-2.6.3/gems/factory_bot-6.1.0/lib/factory_bot/attribute_assigner.rb:14:in `object'[0m
      [36m# /home/ec2-user/.rvm/gems/ruby-2.6.3/gems/factory_bot-6.1.0/lib/factory_bot/evaluation.rb:13:in `object'[0m
      [36m# /home/ec2-user/.rvm/gems/ruby-2.6.3/gems/factory_bot-6.1.0/lib/factory_bot/strategy/create.rb:9:in `result'[0m
      [36m# /home/ec2-user/.rvm/gems/ruby-2.6.3/gems/factory_bot-6.1.0/lib/factory_bot/factory.rb:43:in `run'[0m
      [36m# /home/ec2-user/.rvm/gems/ruby-2.6.3/gems/factory_bot-6.1.0/lib/factory_bot/factory_runner.rb:29:in `block in run'[0m
      [36m# /home/ec2-user/.rvm/gems/ruby-2.6.3/gems/factory_bot-6.1.0/lib/factory_bot/factory_runner.rb:28:in `run'[0m
      [36m# /home/ec2-user/.rvm/gems/ruby-2.6.3/gems/factory_bot-6.1.0/lib/factory_bot/strategy_syntax_method_registrar.rb:28:in `block in define_singular_strategy_method'[0m
      [36m# ./spec/controllers/public/event_members_controller_spec.rb:8:in `block (2 levels) in <top (required)>'[0m

  34) Public::EventMembersController#myevent æœªç™»éŒ²ãƒ¦ãƒ¼ã‚¶ã¨ã—ã¦ ã‚µã‚¤ãƒ³ã‚¤ãƒ³ç”»é¢ã«ãƒªãƒ€ã‚¤ãƒ¬ã‚¯ãƒˆã™ã‚‹ã‹
      [31mFailure/Error: [0m@event_member = [1;34;4mFactoryBot[0m.create([33m:event_member[0m, {[35mmember[0m: @member, [35mevent[0m: @event})[0m
      [31m[0m
      [31mNoMethodError:[0m
      [31m  undefined method `post=' for #<EventMember:0x00000000082efbc8>[0m
      [36m# /home/ec2-user/.rvm/gems/ruby-2.6.3/gems/factory_bot-6.1.0/lib/factory_bot/attribute_assigner.rb:16:in `public_send'[0m
      [36m# /home/ec2-user/.rvm/gems/ruby-2.6.3/gems/factory_bot-6.1.0/lib/factory_bot/attribute_assigner.rb:16:in `block (2 levels) in object'[0m
      [36m# /home/ec2-user/.rvm/gems/ruby-2.6.3/gems/factory_bot-6.1.0/lib/factory_bot/attribute_assigner.rb:15:in `each'[0m
      [36m# /home/ec2-user/.rvm/gems/ruby-2.6.3/gems/factory_bot-6.1.0/lib/factory_bot/attribute_assigner.rb:15:in `block in object'[0m
      [36m# /home/ec2-user/.rvm/gems/ruby-2.6.3/gems/factory_bot-6.1.0/lib/factory_bot/attribute_assigner.rb:14:in `tap'[0m
      [36m# /home/ec2-user/.rvm/gems/ruby-2.6.3/gems/factory_bot-6.1.0/lib/factory_bot/attribute_assigner.rb:14:in `object'[0m
      [36m# /home/ec2-user/.rvm/gems/ruby-2.6.3/gems/factory_bot-6.1.0/lib/factory_bot/evaluation.rb:13:in `object'[0m
      [36m# /home/ec2-user/.rvm/gems/ruby-2.6.3/gems/factory_bot-6.1.0/lib/factory_bot/strategy/create.rb:9:in `result'[0m
      [36m# /home/ec2-user/.rvm/gems/ruby-2.6.3/gems/factory_bot-6.1.0/lib/factory_bot/factory.rb:43:in `run'[0m
      [36m# /home/ec2-user/.rvm/gems/ruby-2.6.3/gems/factory_bot-6.1.0/lib/factory_bot/factory_runner.rb:29:in `block in run'[0m
      [36m# /home/ec2-user/.rvm/gems/ruby-2.6.3/gems/factory_bot-6.1.0/lib/factory_bot/factory_runner.rb:28:in `run'[0m
      [36m# /home/ec2-user/.rvm/gems/ruby-2.6.3/gems/factory_bot-6.1.0/lib/factory_bot/strategy_syntax_method_registrar.rb:28:in `block in define_singular_strategy_method'[0m
      [36m# ./spec/controllers/public/event_members_controller_spec.rb:8:in `block (2 levels) in <top (required)>'[0m

Finished in 9.47 seconds (files took 1.98 seconds to load)
[31m136 examples, 34 failures[0m

Failed examples:

[31mrspec ./spec/controllers/public/event_members_controller_spec.rb:13[0m [36m# Public::EventMembersController#new èªè¨¼æ¸ˆã¿ã®ãƒ¦ãƒ¼ã‚¶ãƒ¼ã¨ã—ã¦ æ­£å¸¸ãªãƒ¬ã‚¹ãƒãƒ³ã‚¹ã‹[0m
[31mrspec ./spec/controllers/public/event_members_controller_spec.rb:18[0m [36m# Public::EventMembersController#new èªè¨¼æ¸ˆã¿ã®ãƒ¦ãƒ¼ã‚¶ãƒ¼ã¨ã—ã¦ 200ãƒ¬ã‚¹ãƒãƒ³ã‚¹ãŒè¿”ã£ã¦ãã¦ã„ã‚‹ã‹[0m
[31mrspec ./spec/controllers/public/event_members_controller_spec.rb:25[0m [36m# Public::EventMembersController#new æœªç™»éŒ²ãƒ¦ãƒ¼ã‚¶ã¨ã—ã¦ 302ãƒ¬ã‚¹ãƒãƒ³ã‚¹ã‚’è¿”ã™ã‹[0m
[31mrspec ./spec/controllers/public/event_members_controller_spec.rb:29[0m [36m# Public::EventMembersController#new æœªç™»éŒ²ãƒ¦ãƒ¼ã‚¶ã¨ã—ã¦ ã‚µã‚¤ãƒ³ã‚¤ãƒ³ç”»é¢ã«ãƒªãƒ€ã‚¤ãƒ¬ã‚¯ãƒˆã™ã‚‹ã‹[0m
[31mrspec ./spec/controllers/public/event_members_controller_spec.rb:37[0m [36m# Public::EventMembersController#show èªè¨¼æ¸ˆã¿ã®ãƒ¦ãƒ¼ã‚¶ãƒ¼ã¨ã—ã¦ æ­£å¸¸ãªãƒ¬ã‚¹ãƒãƒ³ã‚¹ã‹[0m
[31mrspec ./spec/controllers/public/event_members_controller_spec.rb:42[0m [36m# Public::EventMembersController#show èªè¨¼æ¸ˆã¿ã®ãƒ¦ãƒ¼ã‚¶ãƒ¼ã¨ã—ã¦ 200ãƒ¬ã‚¹ãƒãƒ³ã‚¹ãŒè¿”ã£ã¦ãã¦ã„ã‚‹ã‹[0m
[31mrspec ./spec/controllers/public/event_members_controller_spec.rb:49[0m [36m# Public::EventMembersController#show æœªç™»éŒ²ãƒ¦ãƒ¼ã‚¶ã¨ã—ã¦ 302ãƒ¬ã‚¹ãƒãƒ³ã‚¹ã‚’è¿”ã™ã‹[0m
[31mrspec ./spec/controllers/public/event_members_controller_spec.rb:53[0m [36m# Public::EventMembersController#show æœªç™»éŒ²ãƒ¦ãƒ¼ã‚¶ã¨ã—ã¦ ã‚µã‚¤ãƒ³ã‚¤ãƒ³ç”»é¢ã«ãƒªãƒ€ã‚¤ãƒ¬ã‚¯ãƒˆã™ã‚‹ã‹[0m
[31mrspec ./spec/controllers/public/event_members_controller_spec.rb:61[0m [36m# Public::EventMembersController#complete èªè¨¼æ¸ˆã¿ã®ãƒ¦ãƒ¼ã‚¶ãƒ¼ã¨ã—ã¦ æ­£å¸¸ãªãƒ¬ã‚¹ãƒãƒ³ã‚¹ã‹[0m
[31mrspec ./spec/controllers/public/event_members_controller_spec.rb:66[0m [36m# Public::EventMembersController#complete èªè¨¼æ¸ˆã¿ã®ãƒ¦ãƒ¼ã‚¶ãƒ¼ã¨ã—ã¦ 200ãƒ¬ã‚¹ãƒãƒ³ã‚¹ãŒè¿”ã£ã¦ãã¦ã„ã‚‹ã‹[0m
[31mrspec ./spec/controllers/public/event_members_controller_spec.rb:73[0m [36m# Public::EventMembersController#complete æœªç™»éŒ²ãƒ¦ãƒ¼ã‚¶ã¨ã—ã¦ 302ãƒ¬ã‚¹ãƒãƒ³ã‚¹ã‚’è¿”ã™ã‹[0m
[31mrspec ./spec/controllers/public/event_members_controller_spec.rb:77[0m [36m# Public::EventMembersController#complete æœªç™»éŒ²ãƒ¦ãƒ¼ã‚¶ã¨ã—ã¦ ã‚µã‚¤ãƒ³ã‚¤ãƒ³ç”»é¢ã«ãƒªãƒ€ã‚¤ãƒ¬ã‚¯ãƒˆã™ã‚‹ã‹[0m
[31mrspec ./spec/controllers/public/event_members_controller_spec.rb:85[0m [36m# Public::EventMembersController#create èªè¨¼æ¸ˆã¿ã®ãƒ¦ãƒ¼ã‚¶ãƒ¼ã¨ã—ã¦ ã‚¤ãƒ™ãƒ³ãƒˆä½œæˆã§ãã‚‹ã‹[0m
[31mrspec ./spec/controllers/public/event_members_controller_spec.rb:103[0m [36m# Public::EventMembersController#create èªè¨¼æ¸ˆã¿ã®ãƒ¦ãƒ¼ã‚¶ãƒ¼ã¨ã—ã¦ æŠ•ç¨¿å¾Œã«ãƒã‚¤ãƒšãƒ¼ã‚¸ã«ãƒªãƒ€ã‚¤ãƒ¬ã‚¯ãƒˆã•ã‚Œã¦ã„ã‚‹ã‹[0m
[31mrspec ./spec/controllers/public/event_members_controller_spec.rb:122[0m [36m# Public::EventMembersController#create æœªç™»éŒ²ãƒ¦ãƒ¼ã‚¶ã¨ã—ã¦ 302ãƒ¬ã‚¹ãƒãƒ³ã‚¹ã‚’è¿”ã™ã‹[0m
[31mrspec ./spec/controllers/public/event_members_controller_spec.rb:126[0m [36m# Public::EventMembersController#create æœªç™»éŒ²ãƒ¦ãƒ¼ã‚¶ã¨ã—ã¦ ã‚µã‚¤ãƒ³ã‚¤ãƒ³ç”»é¢ã«ãƒªãƒ€ã‚¤ãƒ¬ã‚¯ãƒˆã™ã‚‹ã‹[0m
[31mrspec ./spec/controllers/public/event_members_controller_spec.rb:134[0m [36m# Public::EventMembersController#edit èªè¨¼æ¸ˆã¿ã®ãƒ¦ãƒ¼ã‚¶ãƒ¼ã¨ã—ã¦ æ­£å¸¸ãªãƒ¬ã‚¹ãƒãƒ³ã‚¹ã‹[0m
[31mrspec ./spec/controllers/public/event_members_controller_spec.rb:139[0m [36m# Public::EventMembersController#edit èªè¨¼æ¸ˆã¿ã®ãƒ¦ãƒ¼ã‚¶ãƒ¼ã¨ã—ã¦ 200ãƒ¬ã‚¹ãƒãƒ³ã‚¹ãŒè¿”ã£ã¦ãã¦ã„ã‚‹ã‹[0m
[31mrspec ./spec/controllers/public/event_members_controller_spec.rb:146[0m [36m# Public::EventMembersController#edit æœªç™»éŒ²ãƒ¦ãƒ¼ã‚¶ã¨ã—ã¦ 302ãƒ¬ã‚¹ãƒãƒ³ã‚¹ã‚’è¿”ã™ã‹[0m
[31mrspec ./spec/controllers/public/event_members_controller_spec.rb:150[0m [36m# Public::EventMembersController#edit æœªç™»éŒ²ãƒ¦ãƒ¼ã‚¶ã¨ã—ã¦ ã‚µã‚¤ãƒ³ã‚¤ãƒ³ç”»é¢ã«ãƒªãƒ€ã‚¤ãƒ¬ã‚¯ãƒˆã™ã‚‹ã‹[0m
[31mrspec ./spec/controllers/public/event_members_controller_spec.rb:158[0m [36m# Public::EventMembersController#update èªè¨¼æ¸ˆã¿ã®ãƒ¦ãƒ¼ã‚¶ãƒ¼ã¨ã—ã¦ æ­£å¸¸ã«æ›´æ–°ã§ãã‚‹ã‹[0m
[31mrspec ./spec/controllers/public/event_members_controller_spec.rb:164[0m [36m# Public::EventMembersController#update èªè¨¼æ¸ˆã¿ã®ãƒ¦ãƒ¼ã‚¶ãƒ¼ã¨ã—ã¦ æ›´æ–°å¾Œã«ãƒã‚¤ã‚¤ãƒ™ãƒ³ãƒˆã«ãƒªãƒ€ã‚¤ãƒ¬ã‚¯ãƒˆã•ã‚Œã¦ã„ã‚‹ã‹[0m
[31mrspec ./spec/controllers/public/event_members_controller_spec.rb:170[0m [36m# Public::EventMembersController#update èªè¨¼æ¸ˆã¿ã®ãƒ¦ãƒ¼ã‚¶ãƒ¼ã¨ã—ã¦ ãƒ•ã‚©ãƒ¼ãƒ ãŒç©ºç™½ã®æ™‚ã«æ›´æ–°ã§ããªããªã£ã¦ã„ã‚‹ã‹[0m
[31mrspec ./spec/controllers/public/event_members_controller_spec.rb:176[0m [36m# Public::EventMembersController#update èªè¨¼æ¸ˆã¿ã®ãƒ¦ãƒ¼ã‚¶ãƒ¼ã¨ã—ã¦ ãƒ•ã‚©ãƒ¼ãƒ ãŒç©ºç™½ã®æ™‚ã«æ›´æ–°ã§ããšã€å†åº¦ç·¨é›†ãƒšãƒ¼ã‚¸ã«ãƒªãƒ€ã‚¤ãƒ¬ã‚¯ãƒˆã•ã‚Œã‚‹ã‹[0m
[31mrspec ./spec/controllers/public/event_members_controller_spec.rb:184[0m [36m# Public::EventMembersController#update æœªç™»éŒ²ãƒ¦ãƒ¼ã‚¶ã¨ã—ã¦ 302ãƒ¬ã‚¹ãƒãƒ³ã‚¹ã‚’è¿”ã™ã‹[0m
[31mrspec ./spec/controllers/public/event_members_controller_spec.rb:188[0m [36m# Public::EventMembersController#update æœªç™»éŒ²ãƒ¦ãƒ¼ã‚¶ã¨ã—ã¦ ã‚µã‚¤ãƒ³ã‚¤ãƒ³ç”»é¢ã«ãƒªãƒ€ã‚¤ãƒ¬ã‚¯ãƒˆã™ã‚‹ã‹[0m
[31mrspec ./spec/controllers/public/event_members_controller_spec.rb:196[0m [36m# Public::EventMembersController#destroy èªè¨¼æ¸ˆã¿ã®ãƒ¦ãƒ¼ã‚¶ãƒ¼ã¨ã—ã¦ æ­£å¸¸ã«æŠ•ç¨¿ã‚’å‰Šé™¤ã§ãã‚‹ã‹[0m
[31mrspec ./spec/controllers/public/event_members_controller_spec.rb:202[0m [36m# Public::EventMembersController#destroy èªè¨¼æ¸ˆã¿ã®ãƒ¦ãƒ¼ã‚¶ãƒ¼ã¨ã—ã¦ å‰Šé™¤å¾Œã«ç¾åœ¨ã®ãƒšãƒ¼ã‚¸ã«ãƒªãƒ€ã‚¤ãƒ¬ã‚¯ãƒˆã•ã‚Œã¦ã„ã‚‹ã‹[0m
[31mrspec ./spec/controllers/public/event_members_controller_spec.rb:209[0m [36m# Public::EventMembersController#destroy æœªç™»éŒ²ãƒ¦ãƒ¼ã‚¶ã¨ã—ã¦ 302ãƒ¬ã‚¹ãƒãƒ³ã‚¹ã‚’è¿”ã™ã‹[0m
[31mrspec ./spec/controllers/public/event_members_controller_spec.rb:213[0m [36m# Public::EventMembersController#destroy æœªç™»éŒ²ãƒ¦ãƒ¼ã‚¶ã¨ã—ã¦ ã‚µã‚¤ãƒ³ã‚¤ãƒ³ç”»é¢ã«ãƒªãƒ€ã‚¤ãƒ¬ã‚¯ãƒˆã™ã‚‹ã‹[0m
[31mrspec ./spec/controllers/public/event_members_controller_spec.rb:221[0m [36m# Public::EventMembersController#myevent èªè¨¼æ¸ˆã¿ã®ãƒ¦ãƒ¼ã‚¶ãƒ¼ã¨ã—ã¦ æ­£å¸¸ãªãƒ¬ã‚¹ãƒãƒ³ã‚¹ã‹[0m
[31mrspec ./spec/controllers/public/event_members_controller_spec.rb:226[0m [36m# Public::EventMembersController#myevent èªè¨¼æ¸ˆã¿ã®ãƒ¦ãƒ¼ã‚¶ãƒ¼ã¨ã—ã¦ 200ãƒ¬ã‚¹ãƒãƒ³ã‚¹ãŒè¿”ã£ã¦ãã¦ã„ã‚‹ã‹[0m
[31mrspec ./spec/controllers/public/event_members_controller_spec.rb:233[0m [36m# Public::EventMembersController#myevent æœªç™»éŒ²ãƒ¦ãƒ¼ã‚¶ã¨ã—ã¦ 302ãƒ¬ã‚¹ãƒãƒ³ã‚¹ã‚’è¿”ã™ã‹[0m
[31mrspec ./spec/controllers/public/event_members_controller_spec.rb:237[0m [36m# Public::EventMembersController#myevent æœªç™»éŒ²ãƒ¦ãƒ¼ã‚¶ã¨ã—ã¦ ã‚µã‚¤ãƒ³ã‚¤ãƒ³ç”»é¢ã«ãƒªãƒ€ã‚¤ãƒ¬ã‚¯ãƒˆã™ã‚‹ã‹[0m

